#
# There is insufficient memory for the Java Runtime Environment to continue.
# Native memory allocation (malloc) failed to allocate 1064336 bytes for Chunk::new
# Possible reasons:
#   The system is out of physical RAM or swap space
#   The process is running with CompressedOops enabled, and the Java Heap may be blocking the growth of the native heap
# Possible solutions:
#   Reduce memory load on the system
#   Increase physical memory or swap space
#   Check if swap backing store is full
#   Decrease Java heap size (-Xmx/-Xms)
#   Decrease number of Java threads
#   Decrease Java thread stack sizes (-Xss)
#   Set larger code cache with -XX:ReservedCodeCacheSize=
#   JVM is running with Unscaled Compressed Oops mode in which the Java heap is
#     placed in the first 4GB address space. The Java Heap base address is the
#     maximum limit for the native heap growth. Please use -XX:HeapBaseMinAddress
#     to set the Java Heap base and to place the Java Heap above 4GB virtual address.
# This output file may be truncated or incomplete.
#
#  Out of Memory Error (allocation.cpp:389), pid=8692, tid=0x0000000000003c1c
#
# JRE version: OpenJDK Runtime Environment (8.0_242-b01) (build 1.8.0_242-release-1644-b01)
# Java VM: OpenJDK 64-Bit Server VM (25.242-b01 mixed mode windows-amd64 compressed oops)
# Failed to write core dump. Minidumps are not enabled by default on client versions of Windows
#

---------------  T H R E A D  ---------------

Current thread (0x0000000017a06800):  JavaThread "C2 CompilerThread0" daemon [_thread_in_native, id=15388, stack(0x0000000019050000,0x0000000019150000)]

Stack: [0x0000000019050000,0x0000000019150000]
[error occurred during error reporting (printing stack bounds), id 0xc0000005]

Native frames: (J=compiled Java code, j=interpreted, Vv=VM code, C=native code)


Current CompileTask:
C2:  10032 8837       4       com.sun.org.apache.xerces.internal.impl.XMLNSDocumentScannerImpl::scanStartElement (1026 bytes)


---------------  P R O C E S S  ---------------

Java Threads: ( => current thread )
  0x0000000020ddb000 JavaThread "WorkerExecutor Queue" [_thread_blocked, id=17224, stack(0x000000002b850000,0x000000002b950000)]
  0x0000000020dd6000 JavaThread "Cache worker for execution history cache (D:\Lovzme2\.gradle\6.5\executionHistory)" [_thread_blocked, id=3012, stack(0x000000002b350000,0x000000002b450000)]
  0x0000000020dd1800 JavaThread "Execution worker for ':' Thread 3" [_thread_blocked, id=592, stack(0x000000002b250000,0x000000002b350000)]
  0x0000000020dd8000 JavaThread "Execution worker for ':' Thread 2" [_thread_blocked, id=6228, stack(0x000000002b150000,0x000000002b250000)]
  0x0000000020dd6800 JavaThread "Execution worker for ':'" [_thread_blocked, id=13112, stack(0x000000002ae70000,0x000000002af70000)]
  0x000000001ef74800 JavaThread "Cache worker for file content cache (D:\Lovzme2\.gradle\6.5\fileContent)" [_thread_blocked, id=11600, stack(0x000000002b050000,0x000000002b150000)]
  0x000000001ef72800 JavaThread "Memory manager" [_thread_blocked, id=12980, stack(0x0000000029f20000,0x000000002a020000)]
  0x000000001ef76000 JavaThread "Cache worker for Build Output Cleanup Cache (D:\Lovzme2\.gradle\buildOutputCleanup)" [_thread_blocked, id=12244, stack(0x00000000254d0000,0x00000000255d0000)]
  0x000000001ef75800 JavaThread "jar transforms Thread 94" [_thread_blocked, id=3688, stack(0x0000000028850000,0x0000000028950000)]
  0x000000001ef74000 JavaThread "jar transforms Thread 93" [_thread_blocked, id=14112, stack(0x0000000028750000,0x0000000028850000)]
  0x000000001ef77000 JavaThread "jar transforms Thread 92" [_thread_blocked, id=5248, stack(0x0000000028650000,0x0000000028750000)]
  0x000000001ef73000 JavaThread "jar transforms Thread 91" [_thread_blocked, id=5016, stack(0x0000000028550000,0x0000000028650000)]
  0x000000001ef6a000 JavaThread "jar transforms Thread 90" [_thread_blocked, id=2232, stack(0x0000000028450000,0x0000000028550000)]
  0x000000001ef71000 JavaThread "jar transforms Thread 89" [_thread_blocked, id=8152, stack(0x0000000028350000,0x0000000028450000)]
  0x000000001ef69800 JavaThread "jar transforms Thread 88" [_thread_blocked, id=11528, stack(0x0000000028250000,0x0000000028350000)]
  0x000000001ef70000 JavaThread "jar transforms Thread 87" [_thread_blocked, id=7772, stack(0x0000000028150000,0x0000000028250000)]
  0x000000001ef6e000 JavaThread "jar transforms Thread 86" [_thread_blocked, id=2120, stack(0x0000000028050000,0x0000000028150000)]
  0x000000001ef68800 JavaThread "jar transforms Thread 85" [_thread_blocked, id=3124, stack(0x0000000027f50000,0x0000000028050000)]
  0x000000001ef6f800 JavaThread "jar transforms Thread 84" [_thread_blocked, id=1584, stack(0x0000000027e50000,0x0000000027f50000)]
  0x000000001ef6e800 JavaThread "jar transforms Thread 83" [_thread_blocked, id=2656, stack(0x0000000027d50000,0x0000000027e50000)]
  0x000000001ef6d000 JavaThread "jar transforms Thread 82" [_thread_blocked, id=8160, stack(0x0000000027c50000,0x0000000027d50000)]
  0x000000001ef6c800 JavaThread "jar transforms Thread 81" [_thread_blocked, id=5008, stack(0x0000000027b50000,0x0000000027c50000)]
  0x000000001ef6b800 JavaThread "jar transforms Thread 80" [_thread_blocked, id=7968, stack(0x0000000027a50000,0x0000000027b50000)]
  0x000000001ef6b000 JavaThread "jar transforms Thread 79" [_thread_blocked, id=13384, stack(0x0000000027950000,0x0000000027a50000)]
  0x000000001ef68000 JavaThread "jar transforms Thread 78" [_thread_blocked, id=16928, stack(0x0000000027850000,0x0000000027950000)]
  0x0000000020b8e800 JavaThread "jar transforms Thread 77" [_thread_blocked, id=9200, stack(0x0000000027750000,0x0000000027850000)]
  0x0000000020b90800 JavaThread "jar transforms Thread 76" [_thread_blocked, id=9288, stack(0x0000000027650000,0x0000000027750000)]
  0x0000000020b8f000 JavaThread "jar transforms Thread 75" [_thread_blocked, id=312, stack(0x0000000027550000,0x0000000027650000)]
  0x0000000020b8d800 JavaThread "jar transforms Thread 74" [_thread_blocked, id=17260, stack(0x0000000027450000,0x0000000027550000)]
  0x0000000020b92000 JavaThread "jar transforms Thread 73" [_thread_blocked, id=13284, stack(0x0000000027350000,0x0000000027450000)]
  0x0000000020b91800 JavaThread "jar transforms Thread 72" [_thread_blocked, id=8016, stack(0x0000000027250000,0x0000000027350000)]
  0x0000000020b90000 JavaThread "jar transforms Thread 71" [_thread_blocked, id=12476, stack(0x0000000027150000,0x0000000027250000)]
  0x0000000020b8d000 JavaThread "jar transforms Thread 70" [_thread_blocked, id=13372, stack(0x0000000027050000,0x0000000027150000)]
  0x0000000020b8c000 JavaThread "jar transforms Thread 69" [_thread_blocked, id=4136, stack(0x0000000026f50000,0x0000000027050000)]
  0x0000000020b84800 JavaThread "jar transforms Thread 68" [_thread_blocked, id=1956, stack(0x0000000026e50000,0x0000000026f50000)]
  0x0000000020b85800 JavaThread "jar transforms Thread 67" [_thread_blocked, id=2432, stack(0x0000000026d50000,0x0000000026e50000)]
  0x0000000020b8b800 JavaThread "jar transforms Thread 66" [_thread_blocked, id=3756, stack(0x0000000026c50000,0x0000000026d50000)]
  0x0000000020b84000 JavaThread "jar transforms Thread 65" [_thread_blocked, id=12264, stack(0x0000000026b50000,0x0000000026c50000)]
  0x0000000020b8a800 JavaThread "jar transforms Thread 64" [_thread_blocked, id=2492, stack(0x0000000026a50000,0x0000000026b50000)]
  0x0000000020b8a000 JavaThread "jar transforms Thread 63" [_thread_blocked, id=14992, stack(0x0000000026950000,0x0000000026a50000)]
  0x0000000020b86000 JavaThread "jar transforms Thread 62" [_thread_blocked, id=2380, stack(0x0000000026850000,0x0000000026950000)]
  0x0000000020b87000 JavaThread "jar transforms Thread 61" [_thread_blocked, id=11384, stack(0x0000000026750000,0x0000000026850000)]
  0x0000000020b88800 JavaThread "jar transforms Thread 60" [_thread_blocked, id=13920, stack(0x0000000026650000,0x0000000026750000)]
  0x0000000020b83000 JavaThread "jar transforms Thread 59" [_thread_blocked, id=13752, stack(0x0000000026550000,0x0000000026650000)]
  0x0000000020b87800 JavaThread "jar transforms Thread 58" [_thread_blocked, id=16828, stack(0x0000000026450000,0x0000000026550000)]
  0x0000000020b89000 JavaThread "jar transforms Thread 57" [_thread_blocked, id=13612, stack(0x0000000026350000,0x0000000026450000)]
  0x0000000020b80000 JavaThread "jar transforms Thread 56" [_thread_blocked, id=8736, stack(0x0000000026250000,0x0000000026350000)]
  0x0000000020b7e800 JavaThread "jar transforms Thread 55" [_thread_blocked, id=15988, stack(0x0000000026150000,0x0000000026250000)]
  0x0000000020b7c000 JavaThread "jar transforms Thread 54" [_thread_blocked, id=13704, stack(0x0000000026050000,0x0000000026150000)]
  0x0000000020b82000 JavaThread "jar transforms Thread 53" [_thread_blocked, id=9612, stack(0x0000000025f50000,0x0000000026050000)]
  0x0000000020b7d000 JavaThread "jar transforms Thread 52" [_thread_blocked, id=7024, stack(0x0000000025e50000,0x0000000025f50000)]
  0x0000000020b7f000 JavaThread "jar transforms Thread 51" [_thread_blocked, id=14484, stack(0x0000000025d50000,0x0000000025e50000)]
  0x0000000020b7b800 JavaThread "jar transforms Thread 50" [_thread_blocked, id=448, stack(0x0000000025c50000,0x0000000025d50000)]
  0x0000000020b80800 JavaThread "jar transforms Thread 49" [_thread_blocked, id=1928, stack(0x0000000025b50000,0x0000000025c50000)]
  0x0000000020b7d800 JavaThread "jar transforms Thread 48" [_thread_blocked, id=8776, stack(0x0000000025a50000,0x0000000025b50000)]
  0x0000000020b81800 JavaThread "jar transforms Thread 47" [_thread_blocked, id=5000, stack(0x0000000025950000,0x0000000025a50000)]
  0x0000000020b76000 JavaThread "jar transforms Thread 46" [_thread_blocked, id=8472, stack(0x0000000025850000,0x0000000025950000)]
  0x0000000020b7a800 JavaThread "jar transforms Thread 45" [_thread_blocked, id=17128, stack(0x0000000025750000,0x0000000025850000)]
  0x0000000020b73000 JavaThread "jar transforms Thread 44" [_thread_blocked, id=7076, stack(0x0000000025650000,0x0000000025750000)]
  0x0000000020b77000 JavaThread "jar transforms Thread 43" [_thread_blocked, id=15908, stack(0x00000000229a0000,0x0000000022aa0000)]
  0x0000000020b7a000 JavaThread "jar transforms Thread 42" [_thread_blocked, id=4764, stack(0x00000000253d0000,0x00000000254d0000)]
  0x0000000020b74800 JavaThread "jar transforms Thread 41" [_thread_blocked, id=16976, stack(0x00000000252d0000,0x00000000253d0000)]
  0x0000000020b74000 JavaThread "jar transforms Thread 40" [_thread_blocked, id=828, stack(0x00000000251d0000,0x00000000252d0000)]
  0x0000000020b78800 JavaThread "jar transforms Thread 39" [_thread_blocked, id=9624, stack(0x00000000250d0000,0x00000000251d0000)]
  0x0000000020b75800 JavaThread "jar transforms Thread 38" [_thread_blocked, id=9868, stack(0x0000000024fd0000,0x00000000250d0000)]
  0x0000000020b79000 JavaThread "jar transforms Thread 37" [_thread_blocked, id=3040, stack(0x0000000024ed0000,0x0000000024fd0000)]
  0x0000000020b77800 JavaThread "jar transforms Thread 36" [_thread_blocked, id=15432, stack(0x0000000024dd0000,0x0000000024ed0000)]
  0x000000001ba7b800 JavaThread "jar transforms Thread 35" [_thread_blocked, id=11636, stack(0x0000000024cd0000,0x0000000024dd0000)]
  0x000000001ba7a800 JavaThread "jar transforms Thread 34" [_thread_blocked, id=3748, stack(0x0000000024bd0000,0x0000000024cd0000)]
  0x000000001ba79000 JavaThread "jar transforms Thread 33" [_thread_blocked, id=11696, stack(0x0000000024ad0000,0x0000000024bd0000)]
  0x000000001ba77000 JavaThread "jar transforms Thread 32" [_thread_blocked, id=14944, stack(0x00000000249d0000,0x0000000024ad0000)]
  0x000000001ba7a000 JavaThread "jar transforms Thread 31" [_thread_blocked, id=15568, stack(0x00000000248d0000,0x00000000249d0000)]
  0x000000001ba76000 JavaThread "jar transforms Thread 30" [_thread_blocked, id=8860, stack(0x00000000247d0000,0x00000000248d0000)]
  0x000000001ba75800 JavaThread "jar transforms Thread 29" [_thread_blocked, id=17036, stack(0x00000000246d0000,0x00000000247d0000)]
  0x000000001ba78800 JavaThread "jar transforms Thread 28" [_thread_blocked, id=17044, stack(0x00000000245d0000,0x00000000246d0000)]
  0x000000001ba77800 JavaThread "jar transforms Thread 27" [_thread_blocked, id=2780, stack(0x00000000244d0000,0x00000000245d0000)]
  0x000000001ba6e800 JavaThread "jar transforms Thread 26" [_thread_blocked, id=16936, stack(0x00000000243d0000,0x00000000244d0000)]
  0x000000001ba6f800 JavaThread "jar transforms Thread 25" [_thread_blocked, id=12484, stack(0x00000000242d0000,0x00000000243d0000)]
  0x000000001ba71800 JavaThread "jar transforms Thread 24" [_thread_blocked, id=16300, stack(0x00000000241d0000,0x00000000242d0000)]
  0x000000001ba71000 JavaThread "jar transforms Thread 23" [_thread_blocked, id=8344, stack(0x00000000240d0000,0x00000000241d0000)]
  0x000000001ba6e000 JavaThread "jar transforms Thread 22" [_thread_blocked, id=16804, stack(0x0000000023fd0000,0x00000000240d0000)]
  0x000000001ba74800 JavaThread "jar transforms Thread 21" [_thread_blocked, id=13060, stack(0x0000000023ed0000,0x0000000023fd0000)]
  0x000000001ba6d000 JavaThread "jar transforms Thread 20" [_thread_blocked, id=5524, stack(0x0000000023dd0000,0x0000000023ed0000)]
  0x000000001ba74000 JavaThread "jar transforms Thread 19" [_thread_blocked, id=2036, stack(0x0000000023cd0000,0x0000000023dd0000)]
  0x000000001ba6c800 JavaThread "jar transforms Thread 18" [_thread_blocked, id=7964, stack(0x0000000023bd0000,0x0000000023cd0000)]
  0x000000001ba73000 JavaThread "jar transforms Thread 17" [_thread_blocked, id=16144, stack(0x0000000023ad0000,0x0000000023bd0000)]
  0x000000001ba70000 JavaThread "jar transforms Thread 16" [_thread_blocked, id=8212, stack(0x00000000239d0000,0x0000000023ad0000)]
  0x000000001ba72800 JavaThread "jar transforms Thread 15" [_thread_blocked, id=9640, stack(0x00000000238d0000,0x00000000239d0000)]
  0x000000001f242000 JavaThread "jar transforms Thread 14" [_thread_blocked, id=4776, stack(0x00000000237d0000,0x00000000238d0000)]
  0x000000001f247800 JavaThread "jar transforms Thread 13" [_thread_blocked, id=15916, stack(0x00000000236d0000,0x00000000237d0000)]
  0x000000001f246000 JavaThread "jar transforms Thread 12" [_thread_blocked, id=8960, stack(0x00000000235d0000,0x00000000236d0000)]
  0x000000001f243000 JavaThread "jar transforms Thread 11" [_thread_blocked, id=1736, stack(0x00000000233d0000,0x00000000234d0000)]
  0x000000001f245000 JavaThread "jar transforms Thread 10" [_thread_blocked, id=2152, stack(0x00000000232d0000,0x00000000233d0000)]
  0x000000001f244800 JavaThread "jar transforms Thread 9" [_thread_blocked, id=11136, stack(0x00000000231d0000,0x00000000232d0000)]
  0x000000001f246800 JavaThread "jar transforms Thread 8" [_thread_blocked, id=3936, stack(0x00000000230d0000,0x00000000231d0000)]
  0x000000001f241800 JavaThread "jar transforms Thread 7" [_thread_blocked, id=11128, stack(0x0000000022fd0000,0x00000000230d0000)]
  0x000000001f243800 JavaThread "jar transforms Thread 6" [_thread_blocked, id=8668, stack(0x0000000022ed0000,0x0000000022fd0000)]
  0x000000001f23a000 JavaThread "jar transforms Thread 5" [_thread_blocked, id=5056, stack(0x0000000022dd0000,0x0000000022ed0000)]
  0x000000001f23e800 JavaThread "jar transforms Thread 4" [_thread_blocked, id=11304, stack(0x0000000022cd0000,0x0000000022dd0000)]
  0x000000001f240800 JavaThread "jar transforms Thread 3" [_thread_blocked, id=2300, stack(0x0000000022bd0000,0x0000000022cd0000)]
  0x000000001f239000 JavaThread "jar transforms Thread 2" [_thread_blocked, id=16192, stack(0x0000000022ad0000,0x0000000022bd0000)]
  0x000000001f240000 JavaThread "Build operations Thread 4" [_thread_blocked, id=16464, stack(0x0000000022690000,0x0000000022790000)]
  0x000000001f238800 JavaThread "Build operations Thread 3" [_thread_blocked, id=13340, stack(0x0000000022590000,0x0000000022690000)]
  0x000000001f23d000 JavaThread "Build operations Thread 2" [_thread_blocked, id=11820, stack(0x0000000022490000,0x0000000022590000)]
  0x000000001f23a800 JavaThread "Build operations" [_thread_blocked, id=9412, stack(0x0000000022390000,0x0000000022490000)]
  0x000000001b7be000 JavaThread "Cache worker for file content cache (C:\Users\Ashish-PC\.gradle\caches\6.5\fileContent)" [_thread_blocked, id=16832, stack(0x0000000021c90000,0x0000000021d90000)]
  0x000000001b7bd000 JavaThread "jar transforms" [_thread_blocked, id=7188, stack(0x0000000021b90000,0x0000000021c90000)]
  0x000000001b7b8800 JavaThread "Cache worker for execution history cache (C:\Users\Ashish-PC\.gradle\caches\6.5\executionHistory)" [_thread_blocked, id=5756, stack(0x0000000021490000,0x0000000021590000)]
  0x000000001b7b9800 JavaThread "Cache worker for cache directory md-rule (C:\Users\Ashish-PC\.gradle\caches\6.5\md-rule)" [_thread_blocked, id=15860, stack(0x0000000021390000,0x0000000021490000)]
  0x000000001b7bc800 JavaThread "Cache worker for cache directory md-supplier (C:\Users\Ashish-PC\.gradle\caches\6.5\md-supplier)" [_thread_blocked, id=13148, stack(0x000000001ff30000,0x0000000020030000)]
  0x000000001b7b8000 JavaThread "Cache worker for checksums cache (D:\Lovzme2\.gradle\checksums)" [_thread_blocked, id=2668, stack(0x000000001fe30000,0x000000001ff30000)]
  0x000000001b7bb800 JavaThread "Cache worker for file hash cache (D:\Lovzme2\.gradle\6.5\fileHashes)" [_thread_blocked, id=8956, stack(0x0000000021290000,0x0000000021390000)]
  0x000000001b7bb000 JavaThread "Cache worker for file hash cache (C:\Users\Ashish-PC\.gradle\caches\6.5\fileHashes)" [_thread_blocked, id=8036, stack(0x000000001d990000,0x000000001da90000)]
  0x000000001b7ba000 JavaThread "File lock request listener" [_thread_in_native, id=1232, stack(0x000000001d890000,0x000000001d990000)]
  0x000000001b538800 JavaThread "Cache worker for journal cache (C:\Users\Ashish-PC\.gradle\caches\journal-1)" [_thread_blocked, id=4968, stack(0x000000001d790000,0x000000001d890000)]
  0x000000001b4f6800 JavaThread "Thread-9" [_thread_blocked, id=13360, stack(0x000000001d490000,0x000000001d590000)]
  0x000000001b4fb800 JavaThread "Stdin handler" [_thread_blocked, id=7364, stack(0x000000001d390000,0x000000001d490000)]
  0x000000001b50c800 JavaThread "Asynchronous log dispatcher for DefaultDaemonConnection: socket connection from /127.0.0.1:49919 to /127.0.0.1:49920" [_thread_blocked, id=15064, stack(0x000000001d290000,0x000000001d390000)]
  0x000000001b50d800 JavaThread "Daemon worker" [_thread_in_Java, id=14460, stack(0x000000001d190000,0x000000001d290000)]
  0x000000001b579000 JavaThread "Cancel handler" [_thread_blocked, id=14240, stack(0x000000001d090000,0x000000001d190000)]
  0x000000001b4d8000 JavaThread "Handler for socket connection from /127.0.0.1:49919 to /127.0.0.1:49920" [_thread_in_native, id=3568, stack(0x000000001cf90000,0x000000001d090000)]
  0x000000001b4d5000 JavaThread "Daemon" [_thread_blocked, id=8260, stack(0x000000001ce90000,0x000000001cf90000)]
  0x000000001b476800 JavaThread "Daemon periodic checks" [_thread_blocked, id=15556, stack(0x000000001cb90000,0x000000001cc90000)]
  0x000000001b469800 JavaThread "Incoming local TCP Connector on port 49919" [_thread_in_native, id=4508, stack(0x000000001c950000,0x000000001ca50000)]
  0x000000001b373000 JavaThread "Daemon health stats" [_thread_blocked, id=7084, stack(0x000000001c310000,0x000000001c410000)]
  0x0000000019383800 JavaThread "Service Thread" daemon [_thread_blocked, id=16368, stack(0x0000000019750000,0x0000000019850000)]
  0x0000000017a17000 JavaThread "C1 CompilerThread2" daemon [_thread_blocked, id=8284, stack(0x0000000019250000,0x0000000019350000)]
  0x0000000017a0b000 JavaThread "C2 CompilerThread1" daemon [_thread_in_native, id=11564, stack(0x0000000019150000,0x0000000019250000)]
=>0x0000000017a06800 JavaThread "C2 CompilerThread0" daemon [_thread_in_native, id=15388, stack(0x0000000019050000,0x0000000019150000)]
  0x0000000017a03000 JavaThread "Attach Listener" daemon [_thread_blocked, id=1404, stack(0x0000000018f50000,0x0000000019050000)]
  0x0000000017a02000 JavaThread "Signal Dispatcher" daemon [_thread_blocked, id=13244, stack(0x0000000018e50000,0x0000000018f50000)]
  0x0000000002dab000 JavaThread "Finalizer" daemon [_thread_blocked, id=17228, stack(0x0000000018c50000,0x0000000018d50000)]
  0x00000000179e9000 JavaThread "Reference Handler" daemon [_thread_blocked, id=4680, stack(0x0000000018b50000,0x0000000018c50000)]
  0x0000000002b5e000 JavaThread "main" [_thread_blocked, id=5284, stack(0x0000000002bb0000,0x0000000002cb0000)]

Other Threads:
  0x00000000179c6000 VMThread [stack: 0x0000000018a50000,0x0000000018b50000] [id=8512]
  0x0000000019384000 WatcherThread [stack: 0x0000000019850000,0x0000000019950000] [id=2556]

VM state:not at safepoint (normal execution)

VM Mutex/Monitor currently owned by a thread: None

heap address: 0x0000000080000000, size: 2048 MB, Compressed Oops mode: 32-bit
Narrow klass base: 0x0000000000000000, Narrow klass shift: 3
Compressed class space size: 1073741824 Address: 0x0000000100000000

Heap:
 PSYoungGen      total 355840K, used 89497K [0x00000000d5580000, 0x00000000ecf00000, 0x0000000100000000)
  eden space 328192K, 27% used [0x00000000d5580000,0x00000000dace6428,0x00000000e9600000)
  from space 27648K, 0% used [0x00000000e9600000,0x00000000e9600000,0x00000000eb100000)
  to   space 19968K, 0% used [0x00000000eb100000,0x00000000eb100000,0x00000000ec480000)
 ParOldGen       total 140288K, used 56761K [0x0000000080000000, 0x0000000088900000, 0x00000000d5580000)
  object space 140288K, 40% used [0x0000000080000000,0x000000008376e490,0x0000000088900000)
 Metaspace       used 66101K, capacity 69110K, committed 69416K, reserved 1110016K
  class space    used 9025K, capacity 9623K, committed 9776K, reserved 1048576K

Card table byte_map: [0x0000000012170000,0x0000000012580000] byte_map_base: 0x0000000011d70000

Marking Bits: (ParMarkBitMap*) 0x000000006426f030
 Begin Bits: [0x0000000012c30000, 0x0000000014c30000)
 End Bits:   [0x0000000014c30000, 0x0000000016c30000)

Polling page: 0x0000000002b40000

CodeCache: size=245760Kb used=25614Kb max_used=25620Kb free=220145Kb
 bounds [0x0000000002db0000, 0x00000000046d0000, 0x0000000011db0000]
 total_blobs=8806 nmethods=8013 adapters=706
 compilation: enabled

Compilation events (10 events):
Event: 10.020 Thread 0x0000000017a17000 nmethod 8908 0x00000000046c9190 code [0x00000000046c9320, 0x00000000046c98f8]
Event: 10.021 Thread 0x0000000017a0b000 8909       4       com.sun.org.apache.xerces.internal.util.XMLAttributesImpl::checkDuplicatesNS (110 bytes)
Event: 10.022 Thread 0x0000000017a17000 8910       3       com.android.utils.PositionXmlParser::readAllBytes (47 bytes)
Event: 10.022 Thread 0x0000000017a17000 nmethod 8910 0x00000000046c9b50 code [0x00000000046c9d40, 0x00000000046ca7e8]
Event: 10.022 Thread 0x0000000017a17000 8911       3       com.android.utils.XmlUtils::stripBom (25 bytes)
Event: 10.022 Thread 0x0000000017a17000 nmethod 8911 0x00000000046cac10 code [0x00000000046cada0, 0x00000000046cb378]
Event: 10.022 Thread 0x0000000017a17000 8912   !   3       com.android.utils.PositionXmlParser::parseInternal (61 bytes)
Event: 10.023 Thread 0x0000000017a0b000 nmethod 8909 0x00000000046c5810 code [0x00000000046c5960, 0x00000000046c5ad8]
Event: 10.023 Thread 0x0000000017a17000 nmethod 8912 0x00000000046ccd90 code [0x00000000046ccfc0, 0x00000000046cdcb8]
Event: 10.023 Thread 0x0000000017a0b000 8913       4       com.android.ide.common.resources.ValueResourceParser2::checkDuplicate (103 bytes)

GC Heap History (10 events):
Event: 4.860 GC heap before
{Heap before GC invocations=9 (full 2):
 PSYoungGen      total 235008K, used 219136K [0x00000000d5580000, 0x00000000e4e80000, 0x0000000100000000)
  eden space 219136K, 100% used [0x00000000d5580000,0x00000000e2b80000,0x00000000e2b80000)
  from space 15872K, 0% used [0x00000000e3a00000,0x00000000e3a00000,0x00000000e4980000)
  to   space 14848K, 0% used [0x00000000e2b80000,0x00000000e2b80000,0x00000000e3a00000)
 ParOldGen       total 140288K, used 14822K [0x0000000080000000, 0x0000000088900000, 0x00000000d5580000)
  object space 140288K, 10% used [0x0000000080000000,0x0000000080e79808,0x0000000088900000)
 Metaspace       used 45495K, capacity 47270K, committed 47528K, reserved 1089536K
  class space    used 6145K, capacity 6541K, committed 6576K, reserved 1048576K
Event: 4.882 GC heap after
Heap after GC invocations=9 (full 2):
 PSYoungGen      total 233984K, used 14841K [0x00000000d5580000, 0x00000000ec480000, 0x0000000100000000)
  eden space 219136K, 0% used [0x00000000d5580000,0x00000000d5580000,0x00000000e2b80000)
  from space 14848K, 99% used [0x00000000e2b80000,0x00000000e39fe588,0x00000000e3a00000)
  to   space 19968K, 0% used [0x00000000eb100000,0x00000000eb100000,0x00000000ec480000)
 ParOldGen       total 140288K, used 20781K [0x0000000080000000, 0x0000000088900000, 0x00000000d5580000)
  object space 140288K, 14% used [0x0000000080000000,0x000000008144b5d8,0x0000000088900000)
 Metaspace       used 45495K, capacity 47270K, committed 47528K, reserved 1089536K
  class space    used 6145K, capacity 6541K, committed 6576K, reserved 1048576K
}
Event: 6.247 GC heap before
{Heap before GC invocations=10 (full 2):
 PSYoungGen      total 233984K, used 196781K [0x00000000d5580000, 0x00000000ec480000, 0x0000000100000000)
  eden space 219136K, 83% used [0x00000000d5580000,0x00000000e072d148,0x00000000e2b80000)
  from space 14848K, 99% used [0x00000000e2b80000,0x00000000e39fe588,0x00000000e3a00000)
  to   space 19968K, 0% used [0x00000000eb100000,0x00000000eb100000,0x00000000ec480000)
 ParOldGen       total 140288K, used 20781K [0x0000000080000000, 0x0000000088900000, 0x00000000d5580000)
  object space 140288K, 14% used [0x0000000080000000,0x000000008144b5d8,0x0000000088900000)
 Metaspace       used 56739K, capacity 59048K, committed 59160K, reserved 1099776K
  class space    used 7752K, capacity 8256K, committed 8368K, reserved 1048576K
Event: 6.274 GC heap after
Heap after GC invocations=10 (full 2):
 PSYoungGen      total 348160K, used 19964K [0x00000000d5580000, 0x00000000ecf00000, 0x0000000100000000)
  eden space 328192K, 0% used [0x00000000d5580000,0x00000000d5580000,0x00000000e9600000)
  from space 19968K, 99% used [0x00000000eb100000,0x00000000ec47f320,0x00000000ec480000)
  to   space 27648K, 0% used [0x00000000e9600000,0x00000000e9600000,0x00000000eb100000)
 ParOldGen       total 140288K, used 31766K [0x0000000080000000, 0x0000000088900000, 0x00000000d5580000)
  object space 140288K, 22% used [0x0000000080000000,0x0000000081f05950,0x0000000088900000)
 Metaspace       used 56739K, capacity 59048K, committed 59160K, reserved 1099776K
  class space    used 7752K, capacity 8256K, committed 8368K, reserved 1048576K
}
Event: 6.274 GC heap before
{Heap before GC invocations=11 (full 3):
 PSYoungGen      total 348160K, used 19964K [0x00000000d5580000, 0x00000000ecf00000, 0x0000000100000000)
  eden space 328192K, 0% used [0x00000000d5580000,0x00000000d5580000,0x00000000e9600000)
  from space 19968K, 99% used [0x00000000eb100000,0x00000000ec47f320,0x00000000ec480000)
  to   space 27648K, 0% used [0x00000000e9600000,0x00000000e9600000,0x00000000eb100000)
 ParOldGen       total 140288K, used 31766K [0x0000000080000000, 0x0000000088900000, 0x00000000d5580000)
  object space 140288K, 22% used [0x0000000080000000,0x0000000081f05950,0x0000000088900000)
 Metaspace       used 56739K, capacity 59048K, committed 59160K, reserved 1099776K
  class space    used 7752K, capacity 8256K, committed 8368K, reserved 1048576K
Event: 6.465 GC heap after
Heap after GC invocations=11 (full 3):
 PSYoungGen      total 348160K, used 0K [0x00000000d5580000, 0x00000000ecf00000, 0x0000000100000000)
  eden space 328192K, 0% used [0x00000000d5580000,0x00000000d5580000,0x00000000e9600000)
  from space 19968K, 0% used [0x00000000eb100000,0x00000000eb100000,0x00000000ec480000)
  to   space 27648K, 0% used [0x00000000e9600000,0x00000000e9600000,0x00000000eb100000)
 ParOldGen       total 140288K, used 42816K [0x0000000080000000, 0x0000000088900000, 0x00000000d5580000)
  object space 140288K, 30% used [0x0000000080000000,0x00000000829d03f0,0x0000000088900000)
 Metaspace       used 56728K, capacity 59012K, committed 59160K, reserved 1099776K
  class space    used 7748K, capacity 8250K, committed 8368K, reserved 1048576K
}
Event: 9.219 GC heap before
{Heap before GC invocations=12 (full 3):
 PSYoungGen      total 348160K, used 284624K [0x00000000d5580000, 0x00000000ecf00000, 0x0000000100000000)
  eden space 328192K, 86% used [0x00000000d5580000,0x00000000e6b743c8,0x00000000e9600000)
  from space 19968K, 0% used [0x00000000eb100000,0x00000000eb100000,0x00000000ec480000)
  to   space 27648K, 0% used [0x00000000e9600000,0x00000000e9600000,0x00000000eb100000)
 ParOldGen       total 140288K, used 42816K [0x0000000080000000, 0x0000000088900000, 0x00000000d5580000)
  object space 140288K, 30% used [0x0000000080000000,0x00000000829d03f0,0x0000000088900000)
 Metaspace       used 65957K, capacity 69038K, committed 69160K, reserved 1112064K
  class space    used 9044K, capacity 9657K, committed 9776K, reserved 1048576K
Event: 9.247 GC heap after
Heap after GC invocations=12 (full 3):
 PSYoungGen      total 355840K, used 24176K [0x00000000d5580000, 0x00000000ecf00000, 0x0000000100000000)
  eden space 328192K, 0% used [0x00000000d5580000,0x00000000d5580000,0x00000000e9600000)
  from space 27648K, 87% used [0x00000000e9600000,0x00000000ead9c2c8,0x00000000eb100000)
  to   space 19968K, 0% used [0x00000000eb100000,0x00000000eb100000,0x00000000ec480000)
 ParOldGen       total 140288K, used 42824K [0x0000000080000000, 0x0000000088900000, 0x00000000d5580000)
  object space 140288K, 30% used [0x0000000080000000,0x00000000829d23f0,0x0000000088900000)
 Metaspace       used 65957K, capacity 69038K, committed 69160K, reserved 1112064K
  class space    used 9044K, capacity 9657K, committed 9776K, reserved 1048576K
}
Event: 9.247 GC heap before
{Heap before GC invocations=13 (full 4):
 PSYoungGen      total 355840K, used 24176K [0x00000000d5580000, 0x00000000ecf00000, 0x0000000100000000)
  eden space 328192K, 0% used [0x00000000d5580000,0x00000000d5580000,0x00000000e9600000)
  from space 27648K, 87% used [0x00000000e9600000,0x00000000ead9c2c8,0x00000000eb100000)
  to   space 19968K, 0% used [0x00000000eb100000,0x00000000eb100000,0x00000000ec480000)
 ParOldGen       total 140288K, used 42824K [0x0000000080000000, 0x0000000088900000, 0x00000000d5580000)
  object space 140288K, 30% used [0x0000000080000000,0x00000000829d23f0,0x0000000088900000)
 Metaspace       used 65957K, capacity 69038K, committed 69160K, reserved 1112064K
  class space    used 9044K, capacity 9657K, committed 9776K, reserved 1048576K
Event: 9.396 GC heap after
Heap after GC invocations=13 (full 4):
 PSYoungGen      total 355840K, used 0K [0x00000000d5580000, 0x00000000ecf00000, 0x0000000100000000)
  eden space 328192K, 0% used [0x00000000d5580000,0x00000000d5580000,0x00000000e9600000)
  from space 27648K, 0% used [0x00000000e9600000,0x00000000e9600000,0x00000000eb100000)
  to   space 19968K, 0% used [0x00000000eb100000,0x00000000eb100000,0x00000000ec480000)
 ParOldGen       total 140288K, used 56761K [0x0000000080000000, 0x0000000088900000, 0x00000000d5580000)
  object space 140288K, 40% used [0x0000000080000000,0x000000008376e490,0x0000000088900000)
 Metaspace       used 65895K, capacity 68850K, committed 69160K, reserved 1110016K
  class space    used 9025K, capacity 9623K, committed 9776K, reserved 1048576K
}

Deoptimization events (10 events):
Event: 9.005 Thread 0x000000001b50d800 Uncommon trap: reason=unstable_if action=reinterpret pc=0x0000000003bacea0 method=java.lang.StringCoding.safeTrim([CILjava/nio/charset/Charset;Z)[C @ 3
Event: 9.514 Thread 0x000000001b50d800 Uncommon trap: reason=unstable_if action=reinterpret pc=0x000000000458cde4 method=java.lang.Character.isSurrogate(C)Z @ 3
Event: 9.523 Thread 0x000000001b50d800 Uncommon trap: reason=unstable_if action=reinterpret pc=0x0000000003d202c8 method=com.sun.org.apache.xerces.internal.util.SymbolTable.addSymbol([CII)Ljava/lang/String; @ 64
Event: 9.612 Thread 0x000000001b50d800 Uncommon trap: reason=class_check action=maybe_recompile pc=0x00000000045fcbb8 method=com.sun.org.apache.xerces.internal.dom.NamedNodeMapImpl.findNamePoint(Ljava/lang/String;I)I @ 54
Event: 9.612 Thread 0x000000001b50d800 Uncommon trap: reason=class_check action=maybe_recompile pc=0x00000000045fcbb8 method=com.sun.org.apache.xerces.internal.dom.NamedNodeMapImpl.findNamePoint(Ljava/lang/String;I)I @ 54
Event: 9.612 Thread 0x000000001b50d800 Uncommon trap: reason=class_check action=maybe_recompile pc=0x00000000045fcbb8 method=com.sun.org.apache.xerces.internal.dom.NamedNodeMapImpl.findNamePoint(Ljava/lang/String;I)I @ 54
Event: 9.613 Thread 0x000000001b50d800 Uncommon trap: reason=class_check action=maybe_recompile pc=0x00000000045fcbb8 method=com.sun.org.apache.xerces.internal.dom.NamedNodeMapImpl.findNamePoint(Ljava/lang/String;I)I @ 54
Event: 9.801 Thread 0x000000001b50d800 Uncommon trap: reason=unstable_if action=reinterpret pc=0x000000000452a504 method=com.sun.org.apache.xerces.internal.impl.XMLEntityScanner.scanContent(Lcom/sun/org/apache/xerces/internal/xni/XMLString;)I @ 418
Event: 9.877 Thread 0x000000001b50d800 Uncommon trap: reason=unstable_if action=reinterpret pc=0x00000000046759f8 method=com.android.ide.common.resources.configuration.FolderConfiguration.getQualifierString()Ljava/lang/String; @ 56
Event: 9.878 Thread 0x000000001b50d800 Uncommon trap: reason=unstable_if action=reinterpret pc=0x000000000466f140 method=com.android.ide.common.resources.configuration.FolderConfiguration.getQualifierString()Ljava/lang/String; @ 56

Classes redefined (0 events):
No events

Internal exceptions (10 events):
Event: 7.743 Thread 0x000000001f23d000 Exception <a 'java/lang/NoSuchMethodError': java.lang.Object.lambda$flatMap$2(Ljava/util/function/Function;Ljava/lang/Object;)Lorg/gradle/internal/Try;> (0x00000000dd371610) thrown at [C:\src\AOSP-openjdk-git\hotspot\src\share\vm\interpreter\linkResolver.
Event: 8.414 Thread 0x0000000020dd8000 Exception <a 'java/lang/NoSuchMethodError': java.lang.Object.lambda$flatMap$0(Ljava/lang/Throwable;)Lorg/gradle/api/internal/artifacts/transform/CacheableInvocation;> (0x00000000e28ef4e8) thrown at [C:\src\AOSP-openjdk-git\hotspot\src\share\vm\interpreter
Event: 8.480 Thread 0x0000000020dd8000 Exception <a 'java/lang/NoSuchMethodError': <clinit>> (0x00000000e2f25978) thrown at [C:\src\AOSP-openjdk-git\hotspot\src\share\vm\prims\jni.cpp, line 1615]
Event: 8.482 Thread 0x0000000020dd8000 Exception <a 'java/lang/NoSuchMethodError': <clinit>> (0x00000000e2f350f0) thrown at [C:\src\AOSP-openjdk-git\hotspot\src\share\vm\prims\jni.cpp, line 1615]
Event: 8.500 Thread 0x0000000020ddb000 Exception <a 'sun/nio/fs/WindowsException'> (0x00000000e3075a38) thrown at [C:\src\AOSP-openjdk-git\hotspot\src\share\vm\prims\jni.cpp, line 710]
Event: 8.591 Thread 0x0000000020ddb000 Exception <a 'sun/nio/fs/WindowsException'> (0x00000000e308d598) thrown at [C:\src\AOSP-openjdk-git\hotspot\src\share\vm\prims\jni.cpp, line 710]
Event: 8.591 Thread 0x0000000020ddb000 Exception <a 'sun/nio/fs/WindowsException'> (0x00000000e308eb98) thrown at [C:\src\AOSP-openjdk-git\hotspot\src\share\vm\prims\jni.cpp, line 710]
Event: 8.624 Thread 0x0000000020ddb000 Exception <a 'sun/nio/fs/WindowsException'> (0x00000000e308f720) thrown at [C:\src\AOSP-openjdk-git\hotspot\src\share\vm\prims\jni.cpp, line 710]
Event: 8.635 Thread 0x0000000020ddb000 Exception <a 'sun/nio/fs/WindowsException'> (0x00000000e3cbe440) thrown at [C:\src\AOSP-openjdk-git\hotspot\src\share\vm\prims\jni.cpp, line 710]
Event: 8.895 Thread 0x000000001b50d800 Implicit null exception at 0x00000000043e22f6 to 0x00000000043e2aa1

Events (10 events):
Event: 9.801 Thread 0x000000001b50d800 DEOPT PACKING pc=0x000000000452a504 sp=0x000000001d288620
Event: 9.801 Thread 0x000000001b50d800 DEOPT UNPACKING pc=0x0000000002df557b sp=0x000000001d2885c8 mode 2
Event: 9.876 Executing VM operation: ForceSafepoint
Event: 9.877 Executing VM operation: ForceSafepoint done
Event: 9.877 Thread 0x000000001b50d800 Uncommon trap: trap_request=0xffffff65 fr.pc=0x00000000046759f8
Event: 9.877 Thread 0x000000001b50d800 DEOPT PACKING pc=0x00000000046759f8 sp=0x000000001d288ae0
Event: 9.877 Thread 0x000000001b50d800 DEOPT UNPACKING pc=0x0000000002df557b sp=0x000000001d2889a8 mode 2
Event: 9.878 Thread 0x000000001b50d800 Uncommon trap: trap_request=0xffffff65 fr.pc=0x000000000466f140
Event: 9.878 Thread 0x000000001b50d800 DEOPT PACKING pc=0x000000000466f140 sp=0x000000001d288a30
Event: 9.878 Thread 0x000000001b50d800 DEOPT UNPACKING pc=0x0000000002df557b sp=0x000000001d288a20 mode 2


Dynamic libraries:
0x00007ff73d6f0000 - 0x00007ff73d721000 	C:\Program Files\Android\Android Studio\jre\bin\java.exe
0x00007ffd36b90000 - 0x00007ffd36d85000 	C:\WINDOWS\SYSTEM32\ntdll.dll
0x00007ffd12ee0000 - 0x00007ffd12ef3000 	C:\Program Files\AVAST Software\Avast\aswhook.dll
0x00007ffd36350000 - 0x00007ffd3640d000 	C:\WINDOWS\System32\KERNEL32.DLL
0x00007ffd34630000 - 0x00007ffd348f8000 	C:\WINDOWS\System32\KERNELBASE.dll
0x00007ffd364c0000 - 0x00007ffd3656c000 	C:\WINDOWS\System32\ADVAPI32.dll
0x00007ffd34cd0000 - 0x00007ffd34d6e000 	C:\WINDOWS\System32\msvcrt.dll
0x00007ffd350e0000 - 0x00007ffd3517b000 	C:\WINDOWS\System32\sechost.dll
0x00007ffd34fb0000 - 0x00007ffd350db000 	C:\WINDOWS\System32\RPCRT4.dll
0x00007ffd365e0000 - 0x00007ffd36780000 	C:\WINDOWS\System32\USER32.dll
0x00007ffd343c0000 - 0x00007ffd343e2000 	C:\WINDOWS\System32\win32u.dll
0x00007ffd35570000 - 0x00007ffd3559a000 	C:\WINDOWS\System32\GDI32.dll
0x00007ffd34ac0000 - 0x00007ffd34bcb000 	C:\WINDOWS\System32\gdi32full.dll
0x00007ffd342d0000 - 0x00007ffd3436d000 	C:\WINDOWS\System32\msvcp_win.dll
0x00007ffd343f0000 - 0x00007ffd344f0000 	C:\WINDOWS\System32\ucrtbase.dll
0x00007ffd12220000 - 0x00007ffd124ba000 	C:\WINDOWS\WinSxS\amd64_microsoft.windows.common-controls_6595b64144ccf1df_6.0.19041.1052_none_60b8f8fd71f5e8cb\COMCTL32.dll
0x00007ffd36870000 - 0x00007ffd368a0000 	C:\WINDOWS\System32\IMM32.DLL
0x0000000063070000 - 0x0000000063142000 	C:\Program Files\Android\Android Studio\jre\jre\bin\msvcr100.dll
0x0000000063aa0000 - 0x00000000642eb000 	C:\Program Files\Android\Android Studio\jre\jre\bin\server\jvm.dll
0x00007ffd35680000 - 0x00007ffd35688000 	C:\WINDOWS\System32\PSAPI.DLL
0x00007ffd30040000 - 0x00007ffd30067000 	C:\WINDOWS\SYSTEM32\WINMM.dll
0x00007ffd2f430000 - 0x00007ffd2f43a000 	C:\WINDOWS\SYSTEM32\VERSION.dll
0x00007ffd23c70000 - 0x00007ffd23c79000 	C:\WINDOWS\SYSTEM32\WSOCK32.dll
0x00007ffd36570000 - 0x00007ffd365db000 	C:\WINDOWS\System32\WS2_32.dll
0x00007ffd31c40000 - 0x00007ffd31c4f000 	C:\Program Files\Android\Android Studio\jre\jre\bin\verify.dll
0x00007ffd2fe70000 - 0x00007ffd2fe99000 	C:\Program Files\Android\Android Studio\jre\jre\bin\java.dll
0x00007ffd2a150000 - 0x00007ffd2a166000 	C:\Program Files\Android\Android Studio\jre\jre\bin\zip.dll
0x00007ffd35c10000 - 0x00007ffd3634f000 	C:\WINDOWS\System32\SHELL32.dll
0x00007ffd32440000 - 0x00007ffd32bd0000 	C:\WINDOWS\SYSTEM32\windows.storage.dll
0x00007ffd35210000 - 0x00007ffd35565000 	C:\WINDOWS\System32\combase.dll
0x00007ffd33c70000 - 0x00007ffd33c9c000 	C:\WINDOWS\SYSTEM32\Wldp.dll
0x00007ffd36410000 - 0x00007ffd364be000 	C:\WINDOWS\System32\SHCORE.dll
0x00007ffd34f50000 - 0x00007ffd34fa5000 	C:\WINDOWS\System32\shlwapi.dll
0x00007ffd34210000 - 0x00007ffd3422f000 	C:\WINDOWS\SYSTEM32\profapi.dll
0x00007ffd29b20000 - 0x00007ffd29b3a000 	C:\Program Files\Android\Android Studio\jre\jre\bin\net.dll
0x00007ffd339e0000 - 0x00007ffd33a4a000 	C:\WINDOWS\system32\mswsock.dll
0x00007ffd253c0000 - 0x00007ffd253d3000 	C:\Program Files\Android\Android Studio\jre\jre\bin\nio.dll
0x00007ffd1e6b0000 - 0x00007ffd1e6d7000 	C:\Users\Ashish-PC\.gradle\native\f6784746aeab05261644944871eae4fe03e0ef1612fff0a4a95f87b438bc6780\windows-amd64\native-platform.dll
0x00007ffd31c30000 - 0x00007ffd31c3d000 	C:\Program Files\Android\Android Studio\jre\jre\bin\management.dll
0x00007ffd33bc0000 - 0x00007ffd33bd8000 	C:\WINDOWS\SYSTEM32\CRYPTSP.dll
0x00007ffd33380000 - 0x00007ffd333b4000 	C:\WINDOWS\system32\rsaenh.dll
0x00007ffd34bd0000 - 0x00007ffd34bf7000 	C:\WINDOWS\System32\bcrypt.dll
0x00007ffd341d0000 - 0x00007ffd341fe000 	C:\WINDOWS\SYSTEM32\USERENV.dll
0x00007ffd345a0000 - 0x00007ffd34623000 	C:\WINDOWS\System32\bcryptprimitives.dll
0x00007ffd33bb0000 - 0x00007ffd33bbc000 	C:\WINDOWS\SYSTEM32\CRYPTBASE.dll
0x00007ffd336d0000 - 0x00007ffd3370b000 	C:\WINDOWS\SYSTEM32\IPHLPAPI.DLL
0x00007ffd36800000 - 0x00007ffd36808000 	C:\WINDOWS\System32\NSI.dll
0x00007ffd2e3a0000 - 0x00007ffd2e3b7000 	C:\WINDOWS\SYSTEM32\dhcpcsvc6.DLL
0x00007ffd2e380000 - 0x00007ffd2e39d000 	C:\WINDOWS\SYSTEM32\dhcpcsvc.DLL
0x00007ffd33710000 - 0x00007ffd337dc000 	C:\WINDOWS\SYSTEM32\DNSAPI.dll
0x00007ffd2e3c0000 - 0x00007ffd2e3cb000 	C:\WINDOWS\SYSTEM32\WINNSI.DLL
0x00007ffd33010000 - 0x00007ffd33043000 	C:\WINDOWS\SYSTEM32\ntmarta.dll

VM Arguments:
jvm_args: -Xmx2048m -Dfile.encoding=UTF-8 -Duser.country=IN -Duser.language=en -Duser.variant 
java_command: org.gradle.launcher.daemon.bootstrap.GradleDaemon 6.5
java_class_path (initial): C:\Users\Ashish-PC\.gradle\wrapper\dists\gradle-6.5-bin\6nifqtx7604sqp1q6g8wikw7p\gradle-6.5\lib\gradle-launcher-6.5.jar
Launcher Type: SUN_STANDARD

Environment Variables:
PATH=C:\Program Files\Java\jdk-13.0.1\bin;C:\WINDOWS\system32;C:\WINDOWS;C:\WINDOWS\System32\Wbem;C:\WINDOWS\System32\WindowsPowerShell\v1.0\;C:\WINDOWS\System32\OpenSSH\;C:\Program Files\Git\cmd;C:\Program Files\Java\jdk-13.0.1\bin;C:\Users\Ashish-PC\AppData\Local\Microsoft\WindowsApps;C:\Users\Ashish-PC\AppData\Local\Programs\Microsoft VS Code\bin;C:\Windows\System32;c:\src\flutter;C:\src\flutter\bin;
USERNAME=Ashish-PC
OS=Windows_NT
PROCESSOR_IDENTIFIER=Intel64 Family 6 Model 158 Stepping 9, GenuineIntel



---------------  S Y S T E M  ---------------

OS: Windows 10.0 , 64 bit Build 19041 (10.0.19041.1023)

CPU:total 4 (initial active 4) (4 cores per cpu, 1 threads per core) family 6 model 158 stepping 9, cmov, cx8, fxsr, mmx, sse, sse2, sse3, ssse3, sse4.1, sse4.2, popcnt, avx, avx2, aes, clmul, erms, 3dnowpref, lzcnt, tsc, tscinvbit, bmi1, bmi2, adx

Memory: 4k page, physical 16666752k(3158996k free), swap 31252500k(5820k free)

vm_info: OpenJDK 64-Bit Server VM (25.242-b01) for windows-amd64 JRE (1.8.0_242-release-1644-b01), built by "builder" with MS VC++ 10.0 (VS2010)

time: Tue Jul 06 12:41:09 2021
timezone: India Standard Time
elapsed time: 10 seconds (0d 0h 0m 10s)

