#
# There is insufficient memory for the Java Runtime Environment to continue.
# Native memory allocation (malloc) failed to allocate 1182416 bytes for Chunk::new
# Possible reasons:
#   The system is out of physical RAM or swap space
#   The process is running with CompressedOops enabled, and the Java Heap may be blocking the growth of the native heap
# Possible solutions:
#   Reduce memory load on the system
#   Increase physical memory or swap space
#   Check if swap backing store is full
#   Decrease Java heap size (-Xmx/-Xms)
#   Decrease number of Java threads
#   Decrease Java thread stack sizes (-Xss)
#   Set larger code cache with -XX:ReservedCodeCacheSize=
#   JVM is running with Unscaled Compressed Oops mode in which the Java heap is
#     placed in the first 4GB address space. The Java Heap base address is the
#     maximum limit for the native heap growth. Please use -XX:HeapBaseMinAddress
#     to set the Java Heap base and to place the Java Heap above 4GB virtual address.
# This output file may be truncated or incomplete.
#
#  Out of Memory Error (allocation.cpp:389), pid=4984, tid=0x00000000000015c0
#
# JRE version: OpenJDK Runtime Environment (8.0_242-b01) (build 1.8.0_242-release-1644-b01)
# Java VM: OpenJDK 64-Bit Server VM (25.242-b01 mixed mode windows-amd64 compressed oops)
# Failed to write core dump. Minidumps are not enabled by default on client versions of Windows
#

---------------  T H R E A D  ---------------

Current thread (0x0000000017e8a800):  JavaThread "C2 CompilerThread1" daemon [_thread_in_native, id=5568, stack(0x00000000195d0000,0x00000000196d0000)]

Stack: [0x00000000195d0000,0x00000000196d0000]
[error occurred during error reporting (printing stack bounds), id 0xc0000005]

Native frames: (J=compiled Java code, j=interpreted, Vv=VM code, C=native code)


Current CompileTask:
C2:   7907 5331 %     4       org.gradle.internal.instantiation.generator.AbstractClassGenerator::inspectType @ 107 (560 bytes)


---------------  P R O C E S S  ---------------

Java Threads: ( => current thread )
  0x000000001c312000 JavaThread "Cache worker for execution history cache (D:\Lovzme2\.gradle\6.5\executionHistory)" [_thread_blocked, id=6260, stack(0x000000002b8d0000,0x000000002b9d0000)]
  0x000000001c30a800 JavaThread "Execution worker for ':' Thread 3" [_thread_blocked, id=6580, stack(0x000000002b7d0000,0x000000002b8d0000)]
  0x000000001c310800 JavaThread "Execution worker for ':' Thread 2" [_thread_in_Java, id=12320, stack(0x000000002b6d0000,0x000000002b7d0000)]
  0x000000001c30c000 JavaThread "Execution worker for ':'" [_thread_blocked, id=11896, stack(0x000000002b5d0000,0x000000002b6d0000)]
  0x000000001e17c800 JavaThread "Cache worker for file content cache (D:\Lovzme2\.gradle\6.5\fileContent)" [_thread_blocked, id=3660, stack(0x000000002a680000,0x000000002a780000)]
  0x000000001e17b800 JavaThread "Memory manager" [_thread_blocked, id=7236, stack(0x000000002a140000,0x000000002a240000)]
  0x000000001e17f800 JavaThread "Cache worker for Build Output Cleanup Cache (D:\Lovzme2\.gradle\buildOutputCleanup)" [_thread_blocked, id=8180, stack(0x000000002a040000,0x000000002a140000)]
  0x000000001e17e800 JavaThread "jar transforms Thread 94" [_thread_blocked, id=12768, stack(0x0000000028ac0000,0x0000000028bc0000)]
  0x000000001e17b000 JavaThread "jar transforms Thread 93" [_thread_blocked, id=12560, stack(0x00000000289c0000,0x0000000028ac0000)]
  0x000000001e17d000 JavaThread "jar transforms Thread 92" [_thread_blocked, id=15328, stack(0x00000000288c0000,0x00000000289c0000)]
  0x000000001e17e000 JavaThread "jar transforms Thread 91" [_thread_blocked, id=8704, stack(0x00000000287c0000,0x00000000288c0000)]
  0x000000001e17a000 JavaThread "jar transforms Thread 90" [_thread_blocked, id=1292, stack(0x00000000286c0000,0x00000000287c0000)]
  0x000000001e172800 JavaThread "jar transforms Thread 89" [_thread_blocked, id=13228, stack(0x00000000285c0000,0x00000000286c0000)]
  0x000000001e179800 JavaThread "jar transforms Thread 88" [_thread_blocked, id=5188, stack(0x00000000284c0000,0x00000000285c0000)]
  0x000000001e172000 JavaThread "jar transforms Thread 87" [_thread_blocked, id=6784, stack(0x00000000283c0000,0x00000000284c0000)]
  0x000000001e178800 JavaThread "jar transforms Thread 86" [_thread_blocked, id=13952, stack(0x00000000282c0000,0x00000000283c0000)]
  0x000000001e178000 JavaThread "jar transforms Thread 85" [_thread_blocked, id=6412, stack(0x00000000281c0000,0x00000000282c0000)]
  0x000000001e175800 JavaThread "jar transforms Thread 84" [_thread_blocked, id=10764, stack(0x00000000280c0000,0x00000000281c0000)]
  0x000000001e171000 JavaThread "jar transforms Thread 83" [_thread_blocked, id=14032, stack(0x0000000027fc0000,0x00000000280c0000)]
  0x000000001e170800 JavaThread "jar transforms Thread 82" [_thread_blocked, id=11728, stack(0x0000000027ec0000,0x0000000027fc0000)]
  0x000000001e177000 JavaThread "jar transforms Thread 81" [_thread_blocked, id=9100, stack(0x0000000027dc0000,0x0000000027ec0000)]
  0x000000001e176800 JavaThread "jar transforms Thread 80" [_thread_blocked, id=6512, stack(0x0000000027cc0000,0x0000000027dc0000)]
  0x000000001e175000 JavaThread "jar transforms Thread 79" [_thread_blocked, id=4656, stack(0x0000000027bc0000,0x0000000027cc0000)]
  0x000000001e174000 JavaThread "jar transforms Thread 78" [_thread_blocked, id=3032, stack(0x0000000022f60000,0x0000000023060000)]
  0x000000001e173800 JavaThread "jar transforms Thread 77" [_thread_blocked, id=8476, stack(0x0000000022850000,0x0000000022950000)]
  0x0000000020e52000 JavaThread "jar transforms Thread 76" [_thread_blocked, id=11104, stack(0x0000000027ac0000,0x0000000027bc0000)]
  0x0000000020e58000 JavaThread "jar transforms Thread 75" [_thread_blocked, id=17348, stack(0x00000000279c0000,0x0000000027ac0000)]
  0x0000000020e56800 JavaThread "jar transforms Thread 74" [_thread_blocked, id=10228, stack(0x00000000278c0000,0x00000000279c0000)]
  0x0000000020e50800 JavaThread "jar transforms Thread 73" [_thread_blocked, id=10192, stack(0x00000000277c0000,0x00000000278c0000)]
  0x0000000020e51000 JavaThread "jar transforms Thread 72" [_thread_blocked, id=14136, stack(0x00000000276c0000,0x00000000277c0000)]
  0x0000000020e55000 JavaThread "jar transforms Thread 71" [_thread_blocked, id=16296, stack(0x00000000275c0000,0x00000000276c0000)]
  0x0000000020e54000 JavaThread "jar transforms Thread 70" [_thread_blocked, id=11856, stack(0x00000000274c0000,0x00000000275c0000)]
  0x0000000020e53800 JavaThread "jar transforms Thread 69" [_thread_blocked, id=11024, stack(0x00000000273c0000,0x00000000274c0000)]
  0x0000000020e57000 JavaThread "jar transforms Thread 68" [_thread_blocked, id=8264, stack(0x00000000272c0000,0x00000000273c0000)]
  0x0000000020e52800 JavaThread "jar transforms Thread 67" [_thread_blocked, id=13780, stack(0x00000000271c0000,0x00000000272c0000)]
  0x0000000020e55800 JavaThread "jar transforms Thread 66" [_thread_blocked, id=6460, stack(0x00000000270c0000,0x00000000271c0000)]
  0x0000000020e49000 JavaThread "jar transforms Thread 65" [_thread_blocked, id=14324, stack(0x0000000026fc0000,0x00000000270c0000)]
  0x0000000020e4e000 JavaThread "jar transforms Thread 64" [_thread_blocked, id=12240, stack(0x0000000026ec0000,0x0000000026fc0000)]
  0x0000000020e49800 JavaThread "jar transforms Thread 63" [_thread_blocked, id=11208, stack(0x0000000026dc0000,0x0000000026ec0000)]
  0x0000000020e4d800 JavaThread "jar transforms Thread 62" [_thread_blocked, id=16692, stack(0x0000000026cc0000,0x0000000026dc0000)]
  0x0000000020e4f800 JavaThread "jar transforms Thread 61" [_thread_blocked, id=16752, stack(0x0000000026bc0000,0x0000000026cc0000)]
  0x0000000020e4c800 JavaThread "jar transforms Thread 60" [_thread_blocked, id=9124, stack(0x0000000026ac0000,0x0000000026bc0000)]
  0x0000000020e4c000 JavaThread "jar transforms Thread 59" [_thread_blocked, id=11452, stack(0x00000000269c0000,0x0000000026ac0000)]
  0x0000000020e4b000 JavaThread "jar transforms Thread 58" [_thread_blocked, id=692, stack(0x00000000268c0000,0x00000000269c0000)]
  0x0000000020e4f000 JavaThread "jar transforms Thread 57" [_thread_blocked, id=15576, stack(0x00000000267c0000,0x00000000268c0000)]
  0x0000000020e4a800 JavaThread "jar transforms Thread 56" [_thread_blocked, id=7408, stack(0x00000000266c0000,0x00000000267c0000)]
  0x0000000021059800 JavaThread "jar transforms Thread 55" [_thread_blocked, id=5392, stack(0x00000000265c0000,0x00000000266c0000)]
  0x0000000021058800 JavaThread "jar transforms Thread 54" [_thread_blocked, id=660, stack(0x00000000264c0000,0x00000000265c0000)]
  0x0000000021057000 JavaThread "jar transforms Thread 53" [_thread_blocked, id=2528, stack(0x00000000263c0000,0x00000000264c0000)]
  0x0000000021058000 JavaThread "jar transforms Thread 52" [_thread_blocked, id=9368, stack(0x00000000262c0000,0x00000000263c0000)]
  0x0000000021056800 JavaThread "jar transforms Thread 51" [_thread_blocked, id=5608, stack(0x00000000261c0000,0x00000000262c0000)]
  0x0000000021055800 JavaThread "jar transforms Thread 50" [_thread_blocked, id=16756, stack(0x00000000260c0000,0x00000000261c0000)]
  0x000000002105b000 JavaThread "jar transforms Thread 49" [_thread_blocked, id=10148, stack(0x0000000025fc0000,0x00000000260c0000)]
  0x000000002105a000 JavaThread "jar transforms Thread 48" [_thread_blocked, id=16764, stack(0x0000000025ec0000,0x0000000025fc0000)]
  0x000000002104e000 JavaThread "jar transforms Thread 47" [_thread_blocked, id=16424, stack(0x0000000025dc0000,0x0000000025ec0000)]
  0x0000000021055000 JavaThread "jar transforms Thread 46" [_thread_blocked, id=2496, stack(0x0000000025cc0000,0x0000000025dc0000)]
  0x000000002104d000 JavaThread "jar transforms Thread 45" [_thread_blocked, id=7452, stack(0x0000000025bc0000,0x0000000025cc0000)]
  0x0000000021054000 JavaThread "jar transforms Thread 44" [_thread_blocked, id=16592, stack(0x0000000025ac0000,0x0000000025bc0000)]
  0x0000000021053800 JavaThread "jar transforms Thread 43" [_thread_blocked, id=7152, stack(0x00000000259c0000,0x0000000025ac0000)]
  0x000000002104c800 JavaThread "jar transforms Thread 42" [_thread_blocked, id=16956, stack(0x00000000258c0000,0x00000000259c0000)]
  0x0000000021052000 JavaThread "jar transforms Thread 41" [_thread_blocked, id=9604, stack(0x00000000257c0000,0x00000000258c0000)]
  0x000000002104f800 JavaThread "jar transforms Thread 40" [_thread_blocked, id=2836, stack(0x00000000256c0000,0x00000000257c0000)]
  0x000000002104e800 JavaThread "jar transforms Thread 39" [_thread_blocked, id=6992, stack(0x00000000255c0000,0x00000000256c0000)]
  0x0000000021050800 JavaThread "jar transforms Thread 38" [_thread_blocked, id=10520, stack(0x00000000254c0000,0x00000000255c0000)]
  0x0000000021052800 JavaThread "jar transforms Thread 37" [_thread_blocked, id=2832, stack(0x00000000253c0000,0x00000000254c0000)]
  0x000000002104b800 JavaThread "jar transforms Thread 36" [_thread_blocked, id=3664, stack(0x00000000252c0000,0x00000000253c0000)]
  0x0000000021051000 JavaThread "jar transforms Thread 35" [_thread_blocked, id=6640, stack(0x00000000251c0000,0x00000000252c0000)]
  0x000000001b3f2000 JavaThread "jar transforms Thread 34" [_thread_blocked, id=9960, stack(0x00000000250c0000,0x00000000251c0000)]
  0x000000001b3f1800 JavaThread "jar transforms Thread 33" [_thread_blocked, id=14296, stack(0x0000000024fc0000,0x00000000250c0000)]
  0x000000001b3f0000 JavaThread "jar transforms Thread 32" [_thread_blocked, id=10352, stack(0x0000000024ec0000,0x0000000024fc0000)]
  0x000000001b3ef000 JavaThread "jar transforms Thread 31" [_thread_blocked, id=12576, stack(0x0000000024dc0000,0x0000000024ec0000)]
  0x000000001b3f3800 JavaThread "jar transforms Thread 30" [_thread_blocked, id=5196, stack(0x0000000024cc0000,0x0000000024dc0000)]
  0x000000001b3f0800 JavaThread "jar transforms Thread 29" [_thread_blocked, id=16084, stack(0x0000000024bc0000,0x0000000024cc0000)]
  0x000000001b3ee800 JavaThread "jar transforms Thread 28" [_thread_blocked, id=15812, stack(0x0000000024ac0000,0x0000000024bc0000)]
  0x000000001b3f4800 JavaThread "jar transforms Thread 27" [_thread_blocked, id=16436, stack(0x00000000249c0000,0x0000000024ac0000)]
  0x000000001b3ed800 JavaThread "jar transforms Thread 26" [_thread_blocked, id=6408, stack(0x00000000248c0000,0x00000000249c0000)]
  0x000000001b3f3000 JavaThread "jar transforms Thread 25" [_thread_blocked, id=13884, stack(0x00000000247c0000,0x00000000248c0000)]
  0x000000001e49d800 JavaThread "jar transforms Thread 24" [_thread_blocked, id=15384, stack(0x00000000246c0000,0x00000000247c0000)]
  0x000000001e49a800 JavaThread "jar transforms Thread 23" [_thread_blocked, id=17068, stack(0x00000000245c0000,0x00000000246c0000)]
  0x000000001e49d000 JavaThread "jar transforms Thread 22" [_thread_blocked, id=6888, stack(0x00000000244c0000,0x00000000245c0000)]
  0x000000001e49a000 JavaThread "jar transforms Thread 21" [_thread_blocked, id=3732, stack(0x00000000243c0000,0x00000000244c0000)]
  0x000000001e497800 JavaThread "jar transforms Thread 20" [_thread_blocked, id=11768, stack(0x00000000242c0000,0x00000000243c0000)]
  0x000000001e49c000 JavaThread "jar transforms Thread 19" [_thread_blocked, id=15516, stack(0x00000000241c0000,0x00000000242c0000)]
  0x000000001e497000 JavaThread "jar transforms Thread 18" [_thread_blocked, id=15584, stack(0x00000000240c0000,0x00000000241c0000)]
  0x000000001e499000 JavaThread "jar transforms Thread 17" [_thread_blocked, id=9568, stack(0x0000000023fc0000,0x00000000240c0000)]
  0x000000001e49b800 JavaThread "jar transforms Thread 16" [_thread_blocked, id=15344, stack(0x0000000023ec0000,0x0000000023fc0000)]
  0x000000001e498800 JavaThread "jar transforms Thread 15" [_thread_blocked, id=16644, stack(0x0000000023dc0000,0x0000000023ec0000)]
  0x000000001f301800 JavaThread "jar transforms Thread 14" [_thread_blocked, id=16776, stack(0x0000000023cc0000,0x0000000023dc0000)]
  0x000000001f2fd800 JavaThread "jar transforms Thread 13" [_thread_blocked, id=8492, stack(0x0000000023bc0000,0x0000000023cc0000)]
  0x000000001f300000 JavaThread "jar transforms Thread 12" [_thread_blocked, id=1728, stack(0x0000000023ac0000,0x0000000023bc0000)]
  0x000000001f300800 JavaThread "jar transforms Thread 11" [_thread_blocked, id=9692, stack(0x00000000239c0000,0x0000000023ac0000)]
  0x000000001f2ff000 JavaThread "jar transforms Thread 10" [_thread_blocked, id=8044, stack(0x00000000237c0000,0x00000000238c0000)]
  0x000000001f2fd000 JavaThread "jar transforms Thread 9" [_thread_blocked, id=9764, stack(0x00000000236c0000,0x00000000237c0000)]
  0x000000001f2fe800 JavaThread "jar transforms Thread 8" [_thread_blocked, id=16816, stack(0x00000000235c0000,0x00000000236c0000)]
  0x000000001f2fc000 JavaThread "jar transforms Thread 7" [_thread_blocked, id=13296, stack(0x00000000234c0000,0x00000000235c0000)]
  0x000000001f2fa800 JavaThread "jar transforms Thread 6" [_thread_blocked, id=13356, stack(0x00000000233c0000,0x00000000234c0000)]
  0x000000001f2fb800 JavaThread "jar transforms Thread 5" [_thread_blocked, id=3632, stack(0x00000000232c0000,0x00000000233c0000)]
  0x000000001f2f3000 JavaThread "jar transforms Thread 4" [_thread_blocked, id=14976, stack(0x00000000231c0000,0x00000000232c0000)]
  0x000000001f2fa000 JavaThread "jar transforms Thread 3" [_thread_blocked, id=10580, stack(0x00000000230c0000,0x00000000231c0000)]
  0x000000001f2f9000 JavaThread "jar transforms Thread 2" [_thread_blocked, id=10932, stack(0x0000000022a40000,0x0000000022b40000)]
  0x000000001f2f8800 JavaThread "Build operations Thread 4" [_thread_blocked, id=14708, stack(0x0000000022e60000,0x0000000022f60000)]
  0x000000001f2f4800 JavaThread "Build operations Thread 3" [_thread_blocked, id=4468, stack(0x0000000022d60000,0x0000000022e60000)]
  0x000000001f2f7800 JavaThread "Build operations Thread 2" [_thread_blocked, id=12404, stack(0x0000000022c60000,0x0000000022d60000)]
  0x000000001f2f5800 JavaThread "Build operations" [_thread_blocked, id=11188, stack(0x0000000022b60000,0x0000000022c60000)]
  0x000000001be1b800 JavaThread "Cache worker for file content cache (C:\Users\Ashish-PC\.gradle\caches\6.5\fileContent)" [_thread_blocked, id=9896, stack(0x0000000022150000,0x0000000022250000)]
  0x000000001be1b000 JavaThread "jar transforms" [_thread_blocked, id=8372, stack(0x0000000022050000,0x0000000022150000)]
  0x000000001be1a000 JavaThread "Cache worker for execution history cache (C:\Users\Ashish-PC\.gradle\caches\6.5\executionHistory)" [_thread_blocked, id=2628, stack(0x0000000021950000,0x0000000021a50000)]
  0x000000001be17000 JavaThread "Cache worker for cache directory md-rule (C:\Users\Ashish-PC\.gradle\caches\6.5\md-rule)" [_thread_blocked, id=11112, stack(0x0000000021850000,0x0000000021950000)]
  0x000000001be18000 JavaThread "Cache worker for cache directory md-supplier (C:\Users\Ashish-PC\.gradle\caches\6.5\md-supplier)" [_thread_blocked, id=12096, stack(0x0000000021750000,0x0000000021850000)]
  0x000000001be18800 JavaThread "Cache worker for checksums cache (D:\Lovzme2\.gradle\checksums)" [_thread_blocked, id=15080, stack(0x00000000203f0000,0x00000000204f0000)]
  0x000000001be19800 JavaThread "Cache worker for file hash cache (D:\Lovzme2\.gradle\6.5\fileHashes)" [_thread_blocked, id=8600, stack(0x00000000200f0000,0x00000000201f0000)]
  0x000000001be16000 JavaThread "Cache worker for file hash cache (C:\Users\Ashish-PC\.gradle\caches\6.5\fileHashes)" [_thread_blocked, id=3868, stack(0x000000001de50000,0x000000001df50000)]
  0x000000001be15800 JavaThread "File lock request listener" [_thread_in_native, id=9356, stack(0x000000001dd50000,0x000000001de50000)]
  0x0000000019897800 JavaThread "Cache worker for journal cache (C:\Users\Ashish-PC\.gradle\caches\journal-1)" [_thread_blocked, id=14380, stack(0x000000001dc50000,0x000000001dd50000)]
  0x000000001bc31800 JavaThread "Thread-9" [_thread_in_Java, id=5516, stack(0x000000001d950000,0x000000001da50000)]
  0x000000001bc27800 JavaThread "Stdin handler" [_thread_blocked, id=14968, stack(0x000000001d850000,0x000000001d950000)]
  0x000000001bc2e000 JavaThread "Asynchronous log dispatcher for DefaultDaemonConnection: socket connection from /127.0.0.1:51198 to /127.0.0.1:51199" [_thread_blocked, id=11000, stack(0x000000001d750000,0x000000001d850000)]
  0x000000001bc2c000 JavaThread "Daemon worker" [_thread_blocked, id=15112, stack(0x000000001d650000,0x000000001d750000)]
  0x000000001bc2b000 JavaThread "Cancel handler" [_thread_blocked, id=15880, stack(0x000000001d550000,0x000000001d650000)]
  0x000000001bbe4800 JavaThread "Handler for socket connection from /127.0.0.1:51198 to /127.0.0.1:51199" [_thread_in_native, id=2724, stack(0x000000001d250000,0x000000001d350000)]
  0x000000001bbe1000 JavaThread "Daemon" [_thread_blocked, id=16620, stack(0x000000001d150000,0x000000001d250000)]
  0x000000001bbd3000 JavaThread "Daemon periodic checks" [_thread_blocked, id=6520, stack(0x000000001d050000,0x000000001d150000)]
  0x000000001bb80000 JavaThread "Incoming local TCP Connector on port 51198" [_thread_in_native, id=10068, stack(0x000000001ce10000,0x000000001cf10000)]
  0x000000001bb0c800 JavaThread "Daemon health stats" [_thread_blocked, id=14276, stack(0x000000001c7d0000,0x000000001c8d0000)]
  0x0000000019800800 JavaThread "Service Thread" daemon [_thread_blocked, id=14268, stack(0x0000000019bd0000,0x0000000019cd0000)]
  0x0000000017e99800 JavaThread "C1 CompilerThread2" daemon [_thread_blocked, id=16208, stack(0x00000000196d0000,0x00000000197d0000)]
=>0x0000000017e8a800 JavaThread "C2 CompilerThread1" daemon [_thread_in_native, id=5568, stack(0x00000000195d0000,0x00000000196d0000)]
  0x0000000017e86800 JavaThread "C2 CompilerThread0" daemon [_thread_in_native, id=2572, stack(0x00000000194d0000,0x00000000195d0000)]
  0x0000000017e83000 JavaThread "Attach Listener" daemon [_thread_blocked, id=5856, stack(0x00000000193d0000,0x00000000194d0000)]
  0x0000000017e82000 JavaThread "Signal Dispatcher" daemon [_thread_blocked, id=11464, stack(0x00000000192d0000,0x00000000193d0000)]
  0x000000000325c800 JavaThread "Finalizer" daemon [_thread_blocked, id=10424, stack(0x00000000190d0000,0x00000000191d0000)]
  0x0000000017e69000 JavaThread "Reference Handler" daemon [_thread_blocked, id=15912, stack(0x0000000018fd0000,0x00000000190d0000)]
  0x000000000315e000 JavaThread "main" [_thread_blocked, id=4084, stack(0x0000000003050000,0x0000000003150000)]

Other Threads:
  0x0000000017e46000 VMThread [stack: 0x0000000018ed0000,0x0000000018fd0000] [id=7604]
  0x0000000017edd800 WatcherThread [stack: 0x0000000019cd0000,0x0000000019dd0000] [id=7448]

VM state:not at safepoint (normal execution)

VM Mutex/Monitor currently owned by a thread: None

heap address: 0x0000000080000000, size: 2048 MB, Compressed Oops mode: 32-bit
Narrow klass base: 0x0000000000000000, Narrow klass shift: 3
Compressed class space size: 1073741824 Address: 0x0000000100000000

Heap:
 PSYoungGen      total 243712K, used 83875K [0x00000000d5580000, 0x00000000eca80000, 0x0000000100000000)
  eden space 224256K, 37% used [0x00000000d5580000,0x00000000da768f28,0x00000000e3080000)
  from space 19456K, 0% used [0x00000000eb780000,0x00000000eb780000,0x00000000eca80000)
  to   space 14848K, 0% used [0x00000000e3080000,0x00000000e3080000,0x00000000e3f00000)
 ParOldGen       total 135168K, used 42785K [0x0000000080000000, 0x0000000088400000, 0x00000000d5580000)
  object space 135168K, 31% used [0x0000000080000000,0x00000000829c8628,0x0000000088400000)
 Metaspace       used 61958K, capacity 64504K, committed 64808K, reserved 1105920K
  class space    used 8593K, capacity 9166K, committed 9264K, reserved 1048576K

Card table byte_map: [0x0000000012620000,0x0000000012a30000] byte_map_base: 0x0000000012220000

Marking Bits: (ParMarkBitMap*) 0x000000006426f030
 Begin Bits: [0x00000000130e0000, 0x00000000150e0000)
 End Bits:   [0x00000000150e0000, 0x00000000170e0000)

Polling page: 0x0000000002f70000

CodeCache: size=245760Kb used=17296Kb max_used=17296Kb free=228463Kb
 bounds [0x0000000003260000, 0x0000000004360000, 0x0000000012260000]
 total_blobs=6037 nmethods=5259 adapters=691
 compilation: enabled

Compilation events (10 events):
Event: 7.875 Thread 0x0000000017e99800 5889       1       org.gradle.execution.plan.TaskNode::getShouldSuccessors (5 bytes)
Event: 7.875 Thread 0x0000000017e99800 nmethod 5889 0x0000000004352810 code [0x0000000004352960, 0x0000000004352a70]
Event: 7.878 Thread 0x0000000017e99800 5890   !   2       org.gradle.internal.event.AbstractBroadcastDispatch::dispatch (53 bytes)
Event: 7.879 Thread 0x0000000017e99800 nmethod 5890 0x0000000004352ad0 code [0x0000000004352c80, 0x0000000004353178]
Event: 7.883 Thread 0x0000000017e99800 5891       2       java.lang.Thread::checkAccess (14 bytes)
Event: 7.883 Thread 0x0000000017e99800 nmethod 5891 0x0000000004353490 code [0x0000000004353600, 0x00000000043537a8]
Event: 7.885 Thread 0x0000000017e99800 5892       2       com.google.common.cache.CacheLoader::<init> (5 bytes)
Event: 7.885 Thread 0x0000000017e99800 nmethod 5892 0x0000000004353850 code [0x00000000043539a0, 0x0000000004353af0]
Event: 7.893 Thread 0x0000000017e99800 5893       2       java.security.MessageDigestSpi::<init> (5 bytes)
Event: 7.893 Thread 0x0000000017e99800 nmethod 5893 0x0000000004353b90 code [0x0000000004353ce0, 0x0000000004353e30]

GC Heap History (10 events):
Event: 3.511 GC heap before
{Heap before GC invocations=7 (full 1):
 PSYoungGen      total 141824K, used 46330K [0x00000000d5580000, 0x00000000e4e80000, 0x0000000100000000)
  eden space 131072K, 27% used [0x00000000d5580000,0x00000000d78456c0,0x00000000dd580000)
  from space 10752K, 99% used [0x00000000dd580000,0x00000000ddff9530,0x00000000de000000)
  to   space 15360K, 0% used [0x00000000e3f80000,0x00000000e3f80000,0x00000000e4e80000)
 ParOldGen       total 90624K, used 10490K [0x0000000080000000, 0x0000000085880000, 0x00000000d5580000)
  object space 90624K, 11% used [0x0000000080000000,0x0000000080a3e998,0x0000000085880000)
 Metaspace       used 34366K, capacity 35420K, committed 35496K, reserved 1079296K
  class space    used 4732K, capacity 5003K, committed 5040K, reserved 1048576K
Event: 3.519 GC heap after
Heap after GC invocations=7 (full 1):
 PSYoungGen      total 238592K, used 8310K [0x00000000d5580000, 0x00000000e4d80000, 0x0000000100000000)
  eden space 224256K, 0% used [0x00000000d5580000,0x00000000d5580000,0x00000000e3080000)
  from space 14336K, 57% used [0x00000000e3f80000,0x00000000e479db38,0x00000000e4d80000)
  to   space 14848K, 0% used [0x00000000e3080000,0x00000000e3080000,0x00000000e3f00000)
 ParOldGen       total 90624K, used 10498K [0x0000000080000000, 0x0000000085880000, 0x00000000d5580000)
  object space 90624K, 11% used [0x0000000080000000,0x0000000080a40998,0x0000000085880000)
 Metaspace       used 34366K, capacity 35420K, committed 35496K, reserved 1079296K
  class space    used 4732K, capacity 5003K, committed 5040K, reserved 1048576K
}
Event: 3.519 GC heap before
{Heap before GC invocations=8 (full 2):
 PSYoungGen      total 238592K, used 8310K [0x00000000d5580000, 0x00000000e4d80000, 0x0000000100000000)
  eden space 224256K, 0% used [0x00000000d5580000,0x00000000d5580000,0x00000000e3080000)
  from space 14336K, 57% used [0x00000000e3f80000,0x00000000e479db38,0x00000000e4d80000)
  to   space 14848K, 0% used [0x00000000e3080000,0x00000000e3080000,0x00000000e3f00000)
 ParOldGen       total 90624K, used 10498K [0x0000000080000000, 0x0000000085880000, 0x00000000d5580000)
  object space 90624K, 11% used [0x0000000080000000,0x0000000080a40998,0x0000000085880000)
 Metaspace       used 34366K, capacity 35420K, committed 35496K, reserved 1079296K
  class space    used 4732K, capacity 5003K, committed 5040K, reserved 1048576K
Event: 3.563 GC heap after
Heap after GC invocations=8 (full 2):
 PSYoungGen      total 238592K, used 0K [0x00000000d5580000, 0x00000000e4d80000, 0x0000000100000000)
  eden space 224256K, 0% used [0x00000000d5580000,0x00000000d5580000,0x00000000e3080000)
  from space 14336K, 0% used [0x00000000e3f80000,0x00000000e3f80000,0x00000000e4d80000)
  to   space 14848K, 0% used [0x00000000e3080000,0x00000000e3080000,0x00000000e3f00000)
 ParOldGen       total 135168K, used 14817K [0x0000000080000000, 0x0000000088400000, 0x00000000d5580000)
  object space 135168K, 10% used [0x0000000080000000,0x0000000080e78408,0x0000000088400000)
 Metaspace       used 34366K, capacity 35420K, committed 35496K, reserved 1079296K
  class space    used 4732K, capacity 5003K, committed 5040K, reserved 1048576K
}
Event: 5.204 GC heap before
{Heap before GC invocations=9 (full 2):
 PSYoungGen      total 238592K, used 224256K [0x00000000d5580000, 0x00000000e4d80000, 0x0000000100000000)
  eden space 224256K, 100% used [0x00000000d5580000,0x00000000e3080000,0x00000000e3080000)
  from space 14336K, 0% used [0x00000000e3f80000,0x00000000e3f80000,0x00000000e4d80000)
  to   space 14848K, 0% used [0x00000000e3080000,0x00000000e3080000,0x00000000e3f00000)
 ParOldGen       total 135168K, used 14817K [0x0000000080000000, 0x0000000088400000, 0x00000000d5580000)
  object space 135168K, 10% used [0x0000000080000000,0x0000000080e78408,0x0000000088400000)
 Metaspace       used 45587K, capacity 47354K, committed 47528K, reserved 1089536K
  class space    used 6161K, capacity 6571K, committed 6576K, reserved 1048576K
Event: 5.224 GC heap after
Heap after GC invocations=9 (full 2):
 PSYoungGen      total 239104K, used 14835K [0x00000000d5580000, 0x00000000eca80000, 0x0000000100000000)
  eden space 224256K, 0% used [0x00000000d5580000,0x00000000d5580000,0x00000000e3080000)
  from space 14848K, 99% used [0x00000000e3080000,0x00000000e3efcf88,0x00000000e3f00000)
  to   space 19456K, 0% used [0x00000000eb780000,0x00000000eb780000,0x00000000eca80000)
 ParOldGen       total 135168K, used 19712K [0x0000000080000000, 0x0000000088400000, 0x00000000d5580000)
  object space 135168K, 14% used [0x0000000080000000,0x0000000081340318,0x0000000088400000)
 Metaspace       used 45587K, capacity 47354K, committed 47528K, reserved 1089536K
  class space    used 6161K, capacity 6571K, committed 6576K, reserved 1048576K
}
Event: 6.854 GC heap before
{Heap before GC invocations=10 (full 2):
 PSYoungGen      total 239104K, used 193680K [0x00000000d5580000, 0x00000000eca80000, 0x0000000100000000)
  eden space 224256K, 79% used [0x00000000d5580000,0x00000000e04271b8,0x00000000e3080000)
  from space 14848K, 99% used [0x00000000e3080000,0x00000000e3efcf88,0x00000000e3f00000)
  to   space 19456K, 0% used [0x00000000eb780000,0x00000000eb780000,0x00000000eca80000)
 ParOldGen       total 135168K, used 19712K [0x0000000080000000, 0x0000000088400000, 0x00000000d5580000)
  object space 135168K, 14% used [0x0000000080000000,0x0000000081340318,0x0000000088400000)
 Metaspace       used 56765K, capacity 59042K, committed 59160K, reserved 1099776K
  class space    used 7756K, capacity 8255K, committed 8368K, reserved 1048576K
Event: 6.891 GC heap after
Heap after GC invocations=10 (full 2):
 PSYoungGen      total 243712K, used 19436K [0x00000000d5580000, 0x00000000eca80000, 0x0000000100000000)
  eden space 224256K, 0% used [0x00000000d5580000,0x00000000d5580000,0x00000000e3080000)
  from space 19456K, 99% used [0x00000000eb780000,0x00000000eca7b310,0x00000000eca80000)
  to   space 14848K, 0% used [0x00000000e3080000,0x00000000e3080000,0x00000000e3f00000)
 ParOldGen       total 135168K, used 31164K [0x0000000080000000, 0x0000000088400000, 0x00000000d5580000)
  object space 135168K, 23% used [0x0000000080000000,0x0000000081e6f368,0x0000000088400000)
 Metaspace       used 56765K, capacity 59042K, committed 59160K, reserved 1099776K
  class space    used 7756K, capacity 8255K, committed 8368K, reserved 1048576K
}
Event: 6.891 GC heap before
{Heap before GC invocations=11 (full 3):
 PSYoungGen      total 243712K, used 19436K [0x00000000d5580000, 0x00000000eca80000, 0x0000000100000000)
  eden space 224256K, 0% used [0x00000000d5580000,0x00000000d5580000,0x00000000e3080000)
  from space 19456K, 99% used [0x00000000eb780000,0x00000000eca7b310,0x00000000eca80000)
  to   space 14848K, 0% used [0x00000000e3080000,0x00000000e3080000,0x00000000e3f00000)
 ParOldGen       total 135168K, used 31164K [0x0000000080000000, 0x0000000088400000, 0x00000000d5580000)
  object space 135168K, 23% used [0x0000000080000000,0x0000000081e6f368,0x0000000088400000)
 Metaspace       used 56765K, capacity 59042K, committed 59160K, reserved 1099776K
  class space    used 7756K, capacity 8255K, committed 8368K, reserved 1048576K
Event: 7.073 GC heap after
Heap after GC invocations=11 (full 3):
 PSYoungGen      total 243712K, used 0K [0x00000000d5580000, 0x00000000eca80000, 0x0000000100000000)
  eden space 224256K, 0% used [0x00000000d5580000,0x00000000d5580000,0x00000000e3080000)
  from space 19456K, 0% used [0x00000000eb780000,0x00000000eb780000,0x00000000eca80000)
  to   space 14848K, 0% used [0x00000000e3080000,0x00000000e3080000,0x00000000e3f00000)
 ParOldGen       total 135168K, used 42785K [0x0000000080000000, 0x0000000088400000, 0x00000000d5580000)
  object space 135168K, 31% used [0x0000000080000000,0x00000000829c8628,0x0000000088400000)
 Metaspace       used 56758K, capacity 59018K, committed 59160K, reserved 1099776K
  class space    used 7754K, capacity 8251K, committed 8368K, reserved 1048576K
}

Deoptimization events (10 events):
Event: 7.274 Thread 0x000000001bc2c000 Uncommon trap: reason=bimorphic action=maybe_recompile pc=0x0000000004171bd4 method=java.util.regex.Pattern$5.isSatisfiedBy(I)Z @ 16
Event: 7.508 Thread 0x000000001bc2c000 Uncommon trap: reason=unstable_if action=reinterpret pc=0x00000000039288a8 method=java.util.regex.Pattern$BmpCharProperty.match(Ljava/util/regex/Matcher;ILjava/lang/CharSequence;)Z @ 34
Event: 7.520 Thread 0x000000001bc2c000 Uncommon trap: reason=unstable_if action=reinterpret pc=0x0000000004195658 method=com.sun.org.apache.xerces.internal.impl.XMLEntityScanner.scanLiteral(ILcom/sun/org/apache/xerces/internal/xni/XMLString;Z)I @ 660
Event: 7.538 Thread 0x000000001bc2c000 Uncommon trap: reason=unstable_if action=reinterpret pc=0x0000000003627fa8 method=java.lang.CharacterDataLatin1.digit(II)I @ 31
Event: 7.632 Thread 0x000000001bc2c000 Uncommon trap: reason=unstable_if action=reinterpret pc=0x0000000003c71e9c method=java.util.HashMap.putVal(ILjava/lang/Object;Ljava/lang/Object;ZZ)Ljava/lang/Object; @ 109
Event: 7.632 Thread 0x000000001bc2c000 Uncommon trap: reason=unstable_if action=reinterpret pc=0x0000000003cdfdec method=java.util.HashMap.putVal(ILjava/lang/Object;Ljava/lang/Object;ZZ)Ljava/lang/Object; @ 109
Event: 7.873 Thread 0x000000001bc2c000 Uncommon trap: reason=speculate_class_check action=maybe_recompile pc=0x0000000003d9cf28 method=com.google.common.collect.AbstractIndexedListIterator.next()Ljava/lang/Object; @ 27
Event: 7.873 Thread 0x000000001bc2c000 Uncommon trap: reason=speculate_class_check action=maybe_recompile pc=0x0000000003d9cf28 method=com.google.common.collect.AbstractIndexedListIterator.next()Ljava/lang/Object; @ 27
Event: 7.873 Thread 0x000000001bc2c000 Uncommon trap: reason=speculate_class_check action=maybe_recompile pc=0x0000000003d9cf28 method=com.google.common.collect.AbstractIndexedListIterator.next()Ljava/lang/Object; @ 27
Event: 7.873 Thread 0x000000001bc2c000 Uncommon trap: reason=speculate_class_check action=maybe_recompile pc=0x0000000003d9cf28 method=com.google.common.collect.AbstractIndexedListIterator.next()Ljava/lang/Object; @ 27

Classes redefined (0 events):
No events

Internal exceptions (10 events):
Event: 7.226 Thread 0x000000001bc2c000 Exception <a 'java/lang/ClassNotFoundException': com/android/build/gradle/tasks/ResourceAwareTaskCustomizer> (0x00000000d635e490) thrown at [C:\src\AOSP-openjdk-git\hotspot\src\share\vm\classfile\systemDictionary.cpp, line 210]
Event: 7.227 Thread 0x000000001bc2c000 Exception <a 'java/lang/ClassNotFoundException': com/android/build/gradle/tasks/MergeResourcesCustomizer> (0x00000000d639b3d8) thrown at [C:\src\AOSP-openjdk-git\hotspot\src\share\vm\classfile\systemDictionary.cpp, line 210]
Event: 7.229 Thread 0x000000001bc2c000 Exception <a 'java/lang/ClassNotFoundException': com/android/build/gradle/tasks/MergeResources_DecoratedCustomizer> (0x00000000d6404d30) thrown at [C:\src\AOSP-openjdk-git\hotspot\src\share\vm\classfile\systemDictionary.cpp, line 210]
Event: 7.260 Thread 0x000000001bc2c000 Exception <a 'sun/nio/fs/WindowsException'> (0x00000000d66843e8) thrown at [C:\src\AOSP-openjdk-git\hotspot\src\share\vm\prims\jni.cpp, line 710]
Event: 7.301 Thread 0x000000001bc2c000 Exception <a 'java/lang/ClassNotFoundException': com/sun/org/glassfish/hk2/osgiresourcelocator/ServiceLoader> (0x00000000d6a50e40) thrown at [C:\src\AOSP-openjdk-git\hotspot\src\share\vm\classfile\systemDictionary.cpp, line 210]
Event: 7.338 Thread 0x000000001bc2c000 Exception <a 'java/lang/NullPointerException'> (0x00000000d6ef84f0) thrown at [C:\src\AOSP-openjdk-git\hotspot\src\share\vm\interpreter\linkResolver.cpp, line 1287]
Event: 7.718 Thread 0x000000001bc2c000 Exception <a 'java/lang/ClassNotFoundException': org/gradle/api/internal/file/collections/DefaultConfigurableFileTreeBeanInfo> (0x00000000d8f9ed80) thrown at [C:\src\AOSP-openjdk-git\hotspot\src\share\vm\classfile\systemDictionary.cpp, line 210]
Event: 7.718 Thread 0x000000001bc2c000 Exception <a 'java/lang/ClassNotFoundException': org/gradle/api/internal/file/CompositeFileTreeBeanInfo> (0x00000000d8fb8270) thrown at [C:\src\AOSP-openjdk-git\hotspot\src\share\vm\classfile\systemDictionary.cpp, line 210]
Event: 7.718 Thread 0x000000001bc2c000 Exception <a 'java/lang/ClassNotFoundException': org/gradle/api/internal/file/CompositeFileTreeCustomizer> (0x00000000d8fd22d0) thrown at [C:\src\AOSP-openjdk-git\hotspot\src\share\vm\classfile\systemDictionary.cpp, line 210]
Event: 7.719 Thread 0x000000001bc2c000 Exception <a 'java/lang/ClassNotFoundException': org/gradle/api/internal/file/collections/DefaultConfigurableFileTreeCustomizer> (0x00000000d8ffef90) thrown at [C:\src\AOSP-openjdk-git\hotspot\src\share\vm\classfile\systemDictionary.cpp, line 210]

Events (10 events):
Event: 7.902 loading class org/gradle/api/internal/tasks/TaskExecuterResult done
Event: 7.902 loading class org/gradle/api/tasks/StopActionException
Event: 7.902 loading class org/gradle/api/tasks/StopActionException done
Event: 7.902 loading class org/gradle/api/internal/tasks/execution/ExecuteActionsTaskExecuter$BuildCacheState
Event: 7.902 loading class org/gradle/api/internal/tasks/execution/ExecuteActionsTaskExecuter$BuildCacheState done
Event: 7.903 loading class org/gradle/api/internal/tasks/execution/ExecuteActionsTaskExecuter$ScanPluginState
Event: 7.903 loading class org/gradle/api/internal/tasks/execution/ExecuteActionsTaskExecuter$ScanPluginState done
Event: 7.903 loading class org/gradle/api/internal/tasks/execution/CleanupStaleOutputsExecuter
Event: 7.903 loading class org/gradle/api/internal/tasks/execution/CleanupStaleOutputsExecuter done
Event: 7.904 loading class org/gradle/api/internal/tasks/execution/FinalizePropertiesTaskExecuter


Dynamic libraries:
0x00007ff73d6f0000 - 0x00007ff73d721000 	C:\Program Files\Android\Android Studio\jre\bin\java.exe
0x00007ffd36b90000 - 0x00007ffd36d85000 	C:\WINDOWS\SYSTEM32\ntdll.dll
0x00007ffd12ee0000 - 0x00007ffd12ef3000 	C:\Program Files\AVAST Software\Avast\aswhook.dll
0x00007ffd36350000 - 0x00007ffd3640d000 	C:\WINDOWS\System32\KERNEL32.DLL
0x00007ffd34630000 - 0x00007ffd348f8000 	C:\WINDOWS\System32\KERNELBASE.dll
0x00007ffd364c0000 - 0x00007ffd3656c000 	C:\WINDOWS\System32\ADVAPI32.dll
0x00007ffd34cd0000 - 0x00007ffd34d6e000 	C:\WINDOWS\System32\msvcrt.dll
0x00007ffd350e0000 - 0x00007ffd3517b000 	C:\WINDOWS\System32\sechost.dll
0x00007ffd34fb0000 - 0x00007ffd350db000 	C:\WINDOWS\System32\RPCRT4.dll
0x00007ffd365e0000 - 0x00007ffd36780000 	C:\WINDOWS\System32\USER32.dll
0x00007ffd343c0000 - 0x00007ffd343e2000 	C:\WINDOWS\System32\win32u.dll
0x00007ffd35570000 - 0x00007ffd3559a000 	C:\WINDOWS\System32\GDI32.dll
0x00007ffd34ac0000 - 0x00007ffd34bcb000 	C:\WINDOWS\System32\gdi32full.dll
0x00007ffd342d0000 - 0x00007ffd3436d000 	C:\WINDOWS\System32\msvcp_win.dll
0x00007ffd343f0000 - 0x00007ffd344f0000 	C:\WINDOWS\System32\ucrtbase.dll
0x00007ffd12220000 - 0x00007ffd124ba000 	C:\WINDOWS\WinSxS\amd64_microsoft.windows.common-controls_6595b64144ccf1df_6.0.19041.1052_none_60b8f8fd71f5e8cb\COMCTL32.dll
0x00007ffd36870000 - 0x00007ffd368a0000 	C:\WINDOWS\System32\IMM32.DLL
0x0000000063070000 - 0x0000000063142000 	C:\Program Files\Android\Android Studio\jre\jre\bin\msvcr100.dll
0x0000000063aa0000 - 0x00000000642eb000 	C:\Program Files\Android\Android Studio\jre\jre\bin\server\jvm.dll
0x00007ffd35680000 - 0x00007ffd35688000 	C:\WINDOWS\System32\PSAPI.DLL
0x00007ffd2f430000 - 0x00007ffd2f43a000 	C:\WINDOWS\SYSTEM32\VERSION.dll
0x00007ffd30040000 - 0x00007ffd30067000 	C:\WINDOWS\SYSTEM32\WINMM.dll
0x00007ffd23c70000 - 0x00007ffd23c79000 	C:\WINDOWS\SYSTEM32\WSOCK32.dll
0x00007ffd36570000 - 0x00007ffd365db000 	C:\WINDOWS\System32\WS2_32.dll
0x00007ffd31c40000 - 0x00007ffd31c4f000 	C:\Program Files\Android\Android Studio\jre\jre\bin\verify.dll
0x00007ffd2fe70000 - 0x00007ffd2fe99000 	C:\Program Files\Android\Android Studio\jre\jre\bin\java.dll
0x00007ffd2a150000 - 0x00007ffd2a166000 	C:\Program Files\Android\Android Studio\jre\jre\bin\zip.dll
0x00007ffd35c10000 - 0x00007ffd3634f000 	C:\WINDOWS\System32\SHELL32.dll
0x00007ffd32440000 - 0x00007ffd32bd0000 	C:\WINDOWS\SYSTEM32\windows.storage.dll
0x00007ffd35210000 - 0x00007ffd35565000 	C:\WINDOWS\System32\combase.dll
0x00007ffd33c70000 - 0x00007ffd33c9c000 	C:\WINDOWS\SYSTEM32\Wldp.dll
0x00007ffd36410000 - 0x00007ffd364be000 	C:\WINDOWS\System32\SHCORE.dll
0x00007ffd34f50000 - 0x00007ffd34fa5000 	C:\WINDOWS\System32\shlwapi.dll
0x00007ffd34210000 - 0x00007ffd3422f000 	C:\WINDOWS\SYSTEM32\profapi.dll
0x00007ffd29b20000 - 0x00007ffd29b3a000 	C:\Program Files\Android\Android Studio\jre\jre\bin\net.dll
0x00007ffd339e0000 - 0x00007ffd33a4a000 	C:\WINDOWS\system32\mswsock.dll
0x00007ffd253c0000 - 0x00007ffd253d3000 	C:\Program Files\Android\Android Studio\jre\jre\bin\nio.dll
0x00007ffd1e6b0000 - 0x00007ffd1e6d7000 	C:\Users\Ashish-PC\.gradle\native\f6784746aeab05261644944871eae4fe03e0ef1612fff0a4a95f87b438bc6780\windows-amd64\native-platform.dll
0x00007ffd31c30000 - 0x00007ffd31c3d000 	C:\Program Files\Android\Android Studio\jre\jre\bin\management.dll
0x00007ffd33bc0000 - 0x00007ffd33bd8000 	C:\WINDOWS\SYSTEM32\CRYPTSP.dll
0x00007ffd33380000 - 0x00007ffd333b4000 	C:\WINDOWS\system32\rsaenh.dll
0x00007ffd34bd0000 - 0x00007ffd34bf7000 	C:\WINDOWS\System32\bcrypt.dll
0x00007ffd341d0000 - 0x00007ffd341fe000 	C:\WINDOWS\SYSTEM32\USERENV.dll
0x00007ffd345a0000 - 0x00007ffd34623000 	C:\WINDOWS\System32\bcryptprimitives.dll
0x00007ffd33bb0000 - 0x00007ffd33bbc000 	C:\WINDOWS\SYSTEM32\CRYPTBASE.dll
0x00007ffd336d0000 - 0x00007ffd3370b000 	C:\WINDOWS\SYSTEM32\IPHLPAPI.DLL
0x00007ffd36800000 - 0x00007ffd36808000 	C:\WINDOWS\System32\NSI.dll
0x00007ffd2e3a0000 - 0x00007ffd2e3b7000 	C:\WINDOWS\SYSTEM32\dhcpcsvc6.DLL
0x00007ffd2e380000 - 0x00007ffd2e39d000 	C:\WINDOWS\SYSTEM32\dhcpcsvc.DLL
0x00007ffd33710000 - 0x00007ffd337dc000 	C:\WINDOWS\SYSTEM32\DNSAPI.dll
0x00007ffd2e3c0000 - 0x00007ffd2e3cb000 	C:\WINDOWS\SYSTEM32\WINNSI.DLL

VM Arguments:
jvm_args: -Xmx2048m -Dfile.encoding=UTF-8 -Duser.country=IN -Duser.language=en -Duser.variant 
java_command: org.gradle.launcher.daemon.bootstrap.GradleDaemon 6.5
java_class_path (initial): C:\Users\Ashish-PC\.gradle\wrapper\dists\gradle-6.5-bin\6nifqtx7604sqp1q6g8wikw7p\gradle-6.5\lib\gradle-launcher-6.5.jar
Launcher Type: SUN_STANDARD

Environment Variables:
PATH=C:\Program Files\Java\jdk-13.0.1\bin;C:\WINDOWS\system32;C:\WINDOWS;C:\WINDOWS\System32\Wbem;C:\WINDOWS\System32\WindowsPowerShell\v1.0\;C:\WINDOWS\System32\OpenSSH\;C:\Program Files\Git\cmd;C:\Program Files\Java\jdk-13.0.1\bin;C:\Users\Ashish-PC\AppData\Local\Microsoft\WindowsApps;C:\Users\Ashish-PC\AppData\Local\Programs\Microsoft VS Code\bin;C:\Windows\System32;c:\src\flutter;C:\src\flutter\bin;
USERNAME=Ashish-PC
OS=Windows_NT
PROCESSOR_IDENTIFIER=Intel64 Family 6 Model 158 Stepping 9, GenuineIntel



---------------  S Y S T E M  ---------------

OS: Windows 10.0 , 64 bit Build 19041 (10.0.19041.1023)

CPU:total 4 (initial active 4) (4 cores per cpu, 1 threads per core) family 6 model 158 stepping 9, cmov, cx8, fxsr, mmx, sse, sse2, sse3, ssse3, sse4.1, sse4.2, popcnt, avx, avx2, aes, clmul, erms, 3dnowpref, lzcnt, tsc, tscinvbit, bmi1, bmi2, adx

Memory: 4k page, physical 16666752k(3133336k free), swap 31252500k(5676k free)

vm_info: OpenJDK 64-Bit Server VM (25.242-b01) for windows-amd64 JRE (1.8.0_242-release-1644-b01), built by "builder" with MS VC++ 10.0 (VS2010)

time: Tue Jul 06 12:37:35 2021
timezone: India Standard Time
elapsed time: 7 seconds (0d 0h 0m 7s)

